This is pdfTeX, Version 3.14159265-2.6-1.40.20 (TeX Live 2019) (preloaded format=pdflatex 2019.6.27)  3 JUN 2020 14:22
entering extended mode
 restricted \write18 enabled.
 file:line:error style messages enabled.
 %&-line parsing enabled.
**clickerQbank.tex
(./clickerQbank.tex
LaTeX2e <2018-12-01>
(/usr/local/texlive/2019/texmf-dist/tex/latex/base/article.cls
Document Class: article 2018/09/03 v1.4i Standard LaTeX document class
(/usr/local/texlive/2019/texmf-dist/tex/latex/base/size10.clo
File: size10.clo 2018/09/03 v1.4i Standard LaTeX file (size option)
)
\c@part=\count80
\c@section=\count81
\c@subsection=\count82
\c@subsubsection=\count83
\c@paragraph=\count84
\c@subparagraph=\count85
\c@figure=\count86
\c@table=\count87
\abovecaptionskip=\skip41
\belowcaptionskip=\skip42
\bibindent=\dimen102
)
(/usr/local/texlive/2019/texmf-dist/tex/latex/amsmath/amsmath.sty
Package: amsmath 2018/12/01 v2.17b AMS math features
\@mathmargin=\skip43

For additional information on amsmath, use the `?' option.
(/usr/local/texlive/2019/texmf-dist/tex/latex/amsmath/amstext.sty
Package: amstext 2000/06/29 v2.01 AMS text

(/usr/local/texlive/2019/texmf-dist/tex/latex/amsmath/amsgen.sty
File: amsgen.sty 1999/11/30 v2.0 generic functions
\@emptytoks=\toks14
\ex@=\dimen103
))
(/usr/local/texlive/2019/texmf-dist/tex/latex/amsmath/amsbsy.sty
Package: amsbsy 1999/11/29 v1.2d Bold Symbols
\pmbraise@=\dimen104
)
(/usr/local/texlive/2019/texmf-dist/tex/latex/amsmath/amsopn.sty
Package: amsopn 2016/03/08 v2.02 operator names
)
\inf@bad=\count88
LaTeX Info: Redefining \frac on input line 223.
\uproot@=\count89
\leftroot@=\count90
LaTeX Info: Redefining \overline on input line 385.
\classnum@=\count91
\DOTSCASE@=\count92
LaTeX Info: Redefining \ldots on input line 482.
LaTeX Info: Redefining \dots on input line 485.
LaTeX Info: Redefining \cdots on input line 606.
\Mathstrutbox@=\box27
\strutbox@=\box28
\big@size=\dimen105
LaTeX Font Info:    Redeclaring font encoding OML on input line 729.
LaTeX Font Info:    Redeclaring font encoding OMS on input line 730.
\macc@depth=\count93
\c@MaxMatrixCols=\count94
\dotsspace@=\muskip10
\c@parentequation=\count95
\dspbrk@lvl=\count96
\tag@help=\toks15
\row@=\count97
\column@=\count98
\maxfields@=\count99
\andhelp@=\toks16
\eqnshift@=\dimen106
\alignsep@=\dimen107
\tagshift@=\dimen108
\tagwidth@=\dimen109
\totwidth@=\dimen110
\lineht@=\dimen111
\@envbody=\toks17
\multlinegap=\skip44
\multlinetaggap=\skip45
\mathdisplay@stack=\toks18
LaTeX Info: Redefining \[ on input line 2844.
LaTeX Info: Redefining \] on input line 2845.
)
(/usr/local/texlive/2019/texmf-dist/tex/latex/amsfonts/amssymb.sty
Package: amssymb 2013/01/14 v3.01 AMS font symbols

(/usr/local/texlive/2019/texmf-dist/tex/latex/amsfonts/amsfonts.sty
Package: amsfonts 2013/01/14 v3.01 Basic AMSFonts support
\symAMSa=\mathgroup4
\symAMSb=\mathgroup5
LaTeX Font Info:    Overwriting math alphabet `\mathfrak' in version `bold'
(Font)                  U/euf/m/n --> U/euf/b/n on input line 106.
))
(/usr/local/texlive/2019/texmf-dist/tex/latex/graphics/graphicx.sty
Package: graphicx 2017/06/01 v1.1a Enhanced LaTeX Graphics (DPC,SPQR)

(/usr/local/texlive/2019/texmf-dist/tex/latex/graphics/keyval.sty
Package: keyval 2014/10/28 v1.15 key=value parser (DPC)
\KV@toks@=\toks19
)
(/usr/local/texlive/2019/texmf-dist/tex/latex/graphics/graphics.sty
Package: graphics 2017/06/25 v1.2c Standard LaTeX Graphics (DPC,SPQR)

(/usr/local/texlive/2019/texmf-dist/tex/latex/graphics/trig.sty
Package: trig 2016/01/03 v1.10 sin cos tan (DPC)
)
(/usr/local/texlive/2019/texmf-dist/tex/latex/graphics-cfg/graphics.cfg
File: graphics.cfg 2016/06/04 v1.11 sample graphics configuration
)
Package graphics Info: Driver file: pdftex.def on input line 99.

(/usr/local/texlive/2019/texmf-dist/tex/latex/graphics-def/pdftex.def
File: pdftex.def 2018/01/08 v1.0l Graphics/color driver for pdftex
))
\Gin@req@height=\dimen112
\Gin@req@width=\dimen113
)
(/usr/local/texlive/2019/texmf-dist/tex/latex/graphics/color.sty
Package: color 2016/07/10 v1.1e Standard LaTeX Color (DPC)

(/usr/local/texlive/2019/texmf-dist/tex/latex/graphics-cfg/color.cfg
File: color.cfg 2016/01/02 v1.6 sample color configuration
)
Package color Info: Driver file: pdftex.def on input line 147.
)
(/usr/local/texlive/2019/texmf-dist/tex/latex/tools/calc.sty
Package: calc 2017/05/25 v4.3 Infix arithmetic (KKT,FJ)
\calc@Acount=\count100
\calc@Bcount=\count101
\calc@Adimen=\dimen114
\calc@Bdimen=\dimen115
\calc@Askip=\skip46
\calc@Bskip=\skip47
LaTeX Info: Redefining \setlength on input line 80.
LaTeX Info: Redefining \addtolength on input line 81.
\calc@Ccount=\count102
\calc@Cskip=\skip48
)
(/usr/local/texlive/2019/texmf-dist/tex/latex/base/ifthen.sty
Package: ifthen 2014/09/29 v1.1c Standard LaTeX ifthen package (DPC)
)
(/usr/local/texlive/2019/texmf-dist/tex/latex/tools/xspace.sty
Package: xspace 2014/10/28 v1.13 Space after command names (DPC,MH)
)
(/usr/local/texlive/2019/texmf-dist/tex/generic/oberdiek/alphalph.sty
Package: alphalph 2016/05/16 v2.5 Convert numbers to letters (HO)

(/usr/local/texlive/2019/texmf-dist/tex/generic/oberdiek/infwarerr.sty
Package: infwarerr 2016/05/16 v1.4 Providing info/warning/error messages (HO)
)
(/usr/local/texlive/2019/texmf-dist/tex/generic/oberdiek/intcalc.sty
Package: intcalc 2016/05/16 v1.2 Expandable calculations with integers (HO)
))
(/usr/local/texlive/2019/texmf-dist/tex/latex/arydshln/arydshln.sty
Package: arydshln 2019/02/21 v1.76 
\dashlinedash=\dimen116
\dashlinegap=\dimen117
\adl@box=\box29
\adl@height=\dimen118
\adl@heightsave=\dimen119
\adl@depth=\dimen120
\adl@depthsave=\dimen121
\adl@finaldepth=\dimen122
\adl@columns=\count103
\adl@ncol=\count104
\adl@currentcolumn=\count105
\adl@currentcolumnsave=\count106
\adl@totalheight=\count107
\adl@totalheightsave=\count108
\adl@dash=\count109
\adl@gap=\count110
\adl@cla=\count111
\adl@clb=\count112
\adl@everyvbox=\toks20
\adl@LTpagetotal=\dimen123
)
(/usr/local/texlive/2019/texmf-dist/tex/latex/pgf/frontendlayer/tikz.sty
(/usr/local/texlive/2019/texmf-dist/tex/latex/pgf/basiclayer/pgf.sty
(/usr/local/texlive/2019/texmf-dist/tex/latex/pgf/utilities/pgfrcs.sty
(/usr/local/texlive/2019/texmf-dist/tex/generic/pgf/utilities/pgfutil-common.te
x
\pgfutil@everybye=\toks21
\pgfutil@tempdima=\dimen124
\pgfutil@tempdimb=\dimen125

(/usr/local/texlive/2019/texmf-dist/tex/generic/pgf/utilities/pgfutil-common-li
sts.tex))
(/usr/local/texlive/2019/texmf-dist/tex/generic/pgf/utilities/pgfutil-latex.def
\pgfutil@abb=\box30
(/usr/local/texlive/2019/texmf-dist/tex/latex/ms/everyshi.sty
Package: everyshi 2001/05/15 v3.00 EveryShipout Package (MS)
))
(/usr/local/texlive/2019/texmf-dist/tex/generic/pgf/utilities/pgfrcs.code.tex
(/usr/local/texlive/2019/texmf-dist/tex/generic/pgf/pgf.revision.tex)
Package: pgfrcs 2019/05/09 v3.1.3 (3.1.3)
))
Package: pgf 2019/05/09 v3.1.3 (3.1.3)

(/usr/local/texlive/2019/texmf-dist/tex/latex/pgf/basiclayer/pgfcore.sty
(/usr/local/texlive/2019/texmf-dist/tex/latex/pgf/systemlayer/pgfsys.sty
(/usr/local/texlive/2019/texmf-dist/tex/generic/pgf/systemlayer/pgfsys.code.tex
Package: pgfsys 2019/05/09 v3.1.3 (3.1.3)
(/usr/local/texlive/2019/texmf-dist/tex/generic/pgf/utilities/pgfkeys.code.tex
\pgfkeys@pathtoks=\toks22
\pgfkeys@temptoks=\toks23

(/usr/local/texlive/2019/texmf-dist/tex/generic/pgf/utilities/pgfkeysfiltered.c
ode.tex
\pgfkeys@tmptoks=\toks24
))
\pgf@x=\dimen126
\pgf@y=\dimen127
\pgf@xa=\dimen128
\pgf@ya=\dimen129
\pgf@xb=\dimen130
\pgf@yb=\dimen131
\pgf@xc=\dimen132
\pgf@yc=\dimen133
\pgf@xd=\dimen134
\pgf@yd=\dimen135
\w@pgf@writea=\write3
\r@pgf@reada=\read1
\c@pgf@counta=\count113
\c@pgf@countb=\count114
\c@pgf@countc=\count115
\c@pgf@countd=\count116
\t@pgf@toka=\toks25
\t@pgf@tokb=\toks26
\t@pgf@tokc=\toks27
\pgf@sys@id@count=\count117

(/usr/local/texlive/2019/texmf-dist/tex/generic/pgf/systemlayer/pgf.cfg
File: pgf.cfg 2019/05/09 v3.1.3 (3.1.3)
)
Driver file for pgf: pgfsys-pdftex.def

(/usr/local/texlive/2019/texmf-dist/tex/generic/pgf/systemlayer/pgfsys-pdftex.d
ef
File: pgfsys-pdftex.def 2019/05/09 v3.1.3 (3.1.3)

(/usr/local/texlive/2019/texmf-dist/tex/generic/pgf/systemlayer/pgfsys-common-p
df.def
File: pgfsys-common-pdf.def 2019/05/09 v3.1.3 (3.1.3)
)))
(/usr/local/texlive/2019/texmf-dist/tex/generic/pgf/systemlayer/pgfsyssoftpath.
code.tex
File: pgfsyssoftpath.code.tex 2019/05/09 v3.1.3 (3.1.3)
\pgfsyssoftpath@smallbuffer@items=\count118
\pgfsyssoftpath@bigbuffer@items=\count119
)
(/usr/local/texlive/2019/texmf-dist/tex/generic/pgf/systemlayer/pgfsysprotocol.
code.tex
File: pgfsysprotocol.code.tex 2019/05/09 v3.1.3 (3.1.3)
)) (/usr/local/texlive/2019/texmf-dist/tex/latex/xcolor/xcolor.sty
Package: xcolor 2016/05/11 v2.12 LaTeX color extensions (UK)

(/usr/local/texlive/2019/texmf-dist/tex/latex/graphics-cfg/color.cfg
File: color.cfg 2016/01/02 v1.6 sample color configuration
)
Package xcolor Info: Driver file: pdftex.def on input line 225.
LaTeX Info: Redefining \color on input line 709.
Package xcolor Info: Model `cmy' substituted by `cmy0' on input line 1348.
Package xcolor Info: Model `hsb' substituted by `rgb' on input line 1352.
Package xcolor Info: Model `RGB' extended on input line 1364.
Package xcolor Info: Model `HTML' substituted by `rgb' on input line 1366.
Package xcolor Info: Model `Hsb' substituted by `hsb' on input line 1367.
Package xcolor Info: Model `tHsb' substituted by `hsb' on input line 1368.
Package xcolor Info: Model `HSB' substituted by `hsb' on input line 1369.
Package xcolor Info: Model `Gray' substituted by `gray' on input line 1370.
Package xcolor Info: Model `wave' substituted by `hsb' on input line 1371.
)
(/usr/local/texlive/2019/texmf-dist/tex/generic/pgf/basiclayer/pgfcore.code.tex
Package: pgfcore 2019/05/09 v3.1.3 (3.1.3)
(/usr/local/texlive/2019/texmf-dist/tex/generic/pgf/math/pgfmath.code.tex
(/usr/local/texlive/2019/texmf-dist/tex/generic/pgf/math/pgfmathcalc.code.tex
(/usr/local/texlive/2019/texmf-dist/tex/generic/pgf/math/pgfmathutil.code.tex)
(/usr/local/texlive/2019/texmf-dist/tex/generic/pgf/math/pgfmathparser.code.tex
\pgfmath@dimen=\dimen136
\pgfmath@count=\count120
\pgfmath@box=\box31
\pgfmath@toks=\toks28
\pgfmath@stack@operand=\toks29
\pgfmath@stack@operation=\toks30
)
(/usr/local/texlive/2019/texmf-dist/tex/generic/pgf/math/pgfmathfunctions.code.
tex
(/usr/local/texlive/2019/texmf-dist/tex/generic/pgf/math/pgfmathfunctions.basic
.code.tex)
(/usr/local/texlive/2019/texmf-dist/tex/generic/pgf/math/pgfmathfunctions.trigo
nometric.code.tex)
(/usr/local/texlive/2019/texmf-dist/tex/generic/pgf/math/pgfmathfunctions.rando
m.code.tex)
(/usr/local/texlive/2019/texmf-dist/tex/generic/pgf/math/pgfmathfunctions.compa
rison.code.tex)
(/usr/local/texlive/2019/texmf-dist/tex/generic/pgf/math/pgfmathfunctions.base.
code.tex)
(/usr/local/texlive/2019/texmf-dist/tex/generic/pgf/math/pgfmathfunctions.round
.code.tex)
(/usr/local/texlive/2019/texmf-dist/tex/generic/pgf/math/pgfmathfunctions.misc.
code.tex)
(/usr/local/texlive/2019/texmf-dist/tex/generic/pgf/math/pgfmathfunctions.integ
erarithmetics.code.tex)))
(/usr/local/texlive/2019/texmf-dist/tex/generic/pgf/math/pgfmathfloat.code.tex
\c@pgfmathroundto@lastzeros=\count121
)) (/usr/local/texlive/2019/texmf-dist/tex/generic/pgf/math/pgfint.code.tex)
(/usr/local/texlive/2019/texmf-dist/tex/generic/pgf/basiclayer/pgfcorepoints.co
de.tex
File: pgfcorepoints.code.tex 2019/05/09 v3.1.3 (3.1.3)
\pgf@picminx=\dimen137
\pgf@picmaxx=\dimen138
\pgf@picminy=\dimen139
\pgf@picmaxy=\dimen140
\pgf@pathminx=\dimen141
\pgf@pathmaxx=\dimen142
\pgf@pathminy=\dimen143
\pgf@pathmaxy=\dimen144
\pgf@xx=\dimen145
\pgf@xy=\dimen146
\pgf@yx=\dimen147
\pgf@yy=\dimen148
\pgf@zx=\dimen149
\pgf@zy=\dimen150
)
(/usr/local/texlive/2019/texmf-dist/tex/generic/pgf/basiclayer/pgfcorepathconst
ruct.code.tex
File: pgfcorepathconstruct.code.tex 2019/05/09 v3.1.3 (3.1.3)
\pgf@path@lastx=\dimen151
\pgf@path@lasty=\dimen152
)
(/usr/local/texlive/2019/texmf-dist/tex/generic/pgf/basiclayer/pgfcorepathusage
.code.tex
File: pgfcorepathusage.code.tex 2019/05/09 v3.1.3 (3.1.3)
\pgf@shorten@end@additional=\dimen153
\pgf@shorten@start@additional=\dimen154
)
(/usr/local/texlive/2019/texmf-dist/tex/generic/pgf/basiclayer/pgfcorescopes.co
de.tex
File: pgfcorescopes.code.tex 2019/05/09 v3.1.3 (3.1.3)
\pgfpic=\box32
\pgf@hbox=\box33
\pgf@layerbox@main=\box34
\pgf@picture@serial@count=\count122
)
(/usr/local/texlive/2019/texmf-dist/tex/generic/pgf/basiclayer/pgfcoregraphicst
ate.code.tex
File: pgfcoregraphicstate.code.tex 2019/05/09 v3.1.3 (3.1.3)
\pgflinewidth=\dimen155
)
(/usr/local/texlive/2019/texmf-dist/tex/generic/pgf/basiclayer/pgfcoretransform
ations.code.tex
File: pgfcoretransformations.code.tex 2019/05/09 v3.1.3 (3.1.3)
\pgf@pt@x=\dimen156
\pgf@pt@y=\dimen157
\pgf@pt@temp=\dimen158
)
(/usr/local/texlive/2019/texmf-dist/tex/generic/pgf/basiclayer/pgfcorequick.cod
e.tex
File: pgfcorequick.code.tex 2019/05/09 v3.1.3 (3.1.3)
)
(/usr/local/texlive/2019/texmf-dist/tex/generic/pgf/basiclayer/pgfcoreobjects.c
ode.tex
File: pgfcoreobjects.code.tex 2019/05/09 v3.1.3 (3.1.3)
)
(/usr/local/texlive/2019/texmf-dist/tex/generic/pgf/basiclayer/pgfcorepathproce
ssing.code.tex
File: pgfcorepathprocessing.code.tex 2019/05/09 v3.1.3 (3.1.3)
)
(/usr/local/texlive/2019/texmf-dist/tex/generic/pgf/basiclayer/pgfcorearrows.co
de.tex
File: pgfcorearrows.code.tex 2019/05/09 v3.1.3 (3.1.3)
\pgfarrowsep=\dimen159
)
(/usr/local/texlive/2019/texmf-dist/tex/generic/pgf/basiclayer/pgfcoreshade.cod
e.tex
File: pgfcoreshade.code.tex 2019/05/09 v3.1.3 (3.1.3)
\pgf@max=\dimen160
\pgf@sys@shading@range@num=\count123
\pgf@shadingcount=\count124
)
(/usr/local/texlive/2019/texmf-dist/tex/generic/pgf/basiclayer/pgfcoreimage.cod
e.tex
File: pgfcoreimage.code.tex 2019/05/09 v3.1.3 (3.1.3)

(/usr/local/texlive/2019/texmf-dist/tex/generic/pgf/basiclayer/pgfcoreexternal.
code.tex
File: pgfcoreexternal.code.tex 2019/05/09 v3.1.3 (3.1.3)
\pgfexternal@startupbox=\box35
))
(/usr/local/texlive/2019/texmf-dist/tex/generic/pgf/basiclayer/pgfcorelayers.co
de.tex
File: pgfcorelayers.code.tex 2019/05/09 v3.1.3 (3.1.3)
)
(/usr/local/texlive/2019/texmf-dist/tex/generic/pgf/basiclayer/pgfcoretranspare
ncy.code.tex
File: pgfcoretransparency.code.tex 2019/05/09 v3.1.3 (3.1.3)
)
(/usr/local/texlive/2019/texmf-dist/tex/generic/pgf/basiclayer/pgfcorepatterns.
code.tex
File: pgfcorepatterns.code.tex 2019/05/09 v3.1.3 (3.1.3)
)
(/usr/local/texlive/2019/texmf-dist/tex/generic/pgf/basiclayer/pgfcorerdf.code.
tex
File: pgfcorerdf.code.tex 2019/05/09 v3.1.3 (3.1.3)
)))
(/usr/local/texlive/2019/texmf-dist/tex/generic/pgf/modules/pgfmoduleshapes.cod
e.tex
File: pgfmoduleshapes.code.tex 2019/05/09 v3.1.3 (3.1.3)
\pgfnodeparttextbox=\box36
)
(/usr/local/texlive/2019/texmf-dist/tex/generic/pgf/modules/pgfmoduleplot.code.
tex
File: pgfmoduleplot.code.tex 2019/05/09 v3.1.3 (3.1.3)
)
(/usr/local/texlive/2019/texmf-dist/tex/latex/pgf/compatibility/pgfcomp-version
-0-65.sty
Package: pgfcomp-version-0-65 2019/05/09 v3.1.3 (3.1.3)
\pgf@nodesepstart=\dimen161
\pgf@nodesepend=\dimen162
)
(/usr/local/texlive/2019/texmf-dist/tex/latex/pgf/compatibility/pgfcomp-version
-1-18.sty
Package: pgfcomp-version-1-18 2019/05/09 v3.1.3 (3.1.3)
))
(/usr/local/texlive/2019/texmf-dist/tex/latex/pgf/utilities/pgffor.sty
(/usr/local/texlive/2019/texmf-dist/tex/latex/pgf/utilities/pgfkeys.sty
(/usr/local/texlive/2019/texmf-dist/tex/generic/pgf/utilities/pgfkeys.code.tex)
) (/usr/local/texlive/2019/texmf-dist/tex/latex/pgf/math/pgfmath.sty
(/usr/local/texlive/2019/texmf-dist/tex/generic/pgf/math/pgfmath.code.tex))
(/usr/local/texlive/2019/texmf-dist/tex/generic/pgf/utilities/pgffor.code.tex
Package: pgffor 2019/05/09 v3.1.3 (3.1.3)

(/usr/local/texlive/2019/texmf-dist/tex/generic/pgf/math/pgfmath.code.tex)
\pgffor@iter=\dimen163
\pgffor@skip=\dimen164
\pgffor@stack=\toks31
\pgffor@toks=\toks32
))
(/usr/local/texlive/2019/texmf-dist/tex/generic/pgf/frontendlayer/tikz/tikz.cod
e.tex
Package: tikz 2019/05/09 v3.1.3 (3.1.3)

(/usr/local/texlive/2019/texmf-dist/tex/generic/pgf/libraries/pgflibraryplothan
dlers.code.tex
File: pgflibraryplothandlers.code.tex 2019/05/09 v3.1.3 (3.1.3)
\pgf@plot@mark@count=\count125
\pgfplotmarksize=\dimen165
)
\tikz@lastx=\dimen166
\tikz@lasty=\dimen167
\tikz@lastxsaved=\dimen168
\tikz@lastysaved=\dimen169
\tikzleveldistance=\dimen170
\tikzsiblingdistance=\dimen171
\tikz@figbox=\box37
\tikz@figbox@bg=\box38
\tikz@tempbox=\box39
\tikz@tempbox@bg=\box40
\tikztreelevel=\count126
\tikznumberofchildren=\count127
\tikznumberofcurrentchild=\count128
\tikz@fig@count=\count129

(/usr/local/texlive/2019/texmf-dist/tex/generic/pgf/modules/pgfmodulematrix.cod
e.tex
File: pgfmodulematrix.code.tex 2019/05/09 v3.1.3 (3.1.3)
\pgfmatrixcurrentrow=\count130
\pgfmatrixcurrentcolumn=\count131
\pgf@matrix@numberofcolumns=\count132
)
\tikz@expandcount=\count133

(/usr/local/texlive/2019/texmf-dist/tex/generic/pgf/frontendlayer/tikz/librarie
s/tikzlibrarytopaths.code.tex
File: tikzlibrarytopaths.code.tex 2019/05/09 v3.1.3 (3.1.3)
)))
(/usr/local/texlive/2019/texmf-dist/tex/generic/pgf/frontendlayer/tikz/librarie
s/tikzlibrarycalc.code.tex
File: tikzlibrarycalc.code.tex 2019/05/09 v3.1.3 (3.1.3)
)
(/usr/local/texlive/2019/texmf-dist/tex/latex/hyperref/hyperref.sty
Package: hyperref 2018/11/30 v6.88e Hypertext links for LaTeX

(/usr/local/texlive/2019/texmf-dist/tex/generic/oberdiek/hobsub-hyperref.sty
Package: hobsub-hyperref 2016/05/16 v1.14 Bundle oberdiek, subset hyperref (HO)


(/usr/local/texlive/2019/texmf-dist/tex/generic/oberdiek/hobsub-generic.sty
Package: hobsub-generic 2016/05/16 v1.14 Bundle oberdiek, subset generic (HO)
Package: hobsub 2016/05/16 v1.14 Construct package bundles (HO)
Package hobsub Info: Skipping package `infwarerr' (already loaded).
Package: ltxcmds 2016/05/16 v1.23 LaTeX kernel commands for general use (HO)
Package: ifluatex 2016/05/16 v1.4 Provides the ifluatex switch (HO)
Package ifluatex Info: LuaTeX not detected.
Package: ifvtex 2016/05/16 v1.6 Detect VTeX and its facilities (HO)
Package ifvtex Info: VTeX not detected.
Package hobsub Info: Skipping package `intcalc' (already loaded).
Package: ifpdf 2018/09/07 v3.3 Provides the ifpdf switch
Package: etexcmds 2016/05/16 v1.6 Avoid name clashes with e-TeX commands (HO)
Package: kvsetkeys 2016/05/16 v1.17 Key value parser (HO)
Package: kvdefinekeys 2016/05/16 v1.4 Define keys (HO)
Package: pdftexcmds 2018/09/10 v0.29 Utility functions of pdfTeX for LuaTeX (HO
)
Package pdftexcmds Info: LuaTeX not detected.
Package pdftexcmds Info: \pdf@primitive is available.
Package pdftexcmds Info: \pdf@ifprimitive is available.
Package pdftexcmds Info: \pdfdraftmode found.
Package: pdfescape 2016/05/16 v1.14 Implements pdfTeX's escape features (HO)
Package: bigintcalc 2016/05/16 v1.4 Expandable calculations on big integers (HO
)
Package: bitset 2016/05/16 v1.2 Handle bit-vector datatype (HO)
Package: uniquecounter 2016/05/16 v1.3 Provide unlimited unique counter (HO)
)
Package hobsub Info: Skipping package `hobsub' (already loaded).
Package: letltxmacro 2016/05/16 v1.5 Let assignment for LaTeX macros (HO)
Package: hopatch 2016/05/16 v1.3 Wrapper for package hooks (HO)
Package: xcolor-patch 2016/05/16 xcolor patch
Package: atveryend 2016/05/16 v1.9 Hooks at the very end of document (HO)
Package atveryend Info: \enddocument detected (standard20110627).
Package: atbegshi 2016/06/09 v1.18 At begin shipout hook (HO)
Package: refcount 2016/05/16 v3.5 Data extraction from label references (HO)
Package: hycolor 2016/05/16 v1.8 Color options for hyperref/bookmark (HO)
)
(/usr/local/texlive/2019/texmf-dist/tex/generic/ifxetex/ifxetex.sty
Package: ifxetex 2010/09/12 v0.6 Provides ifxetex conditional
)
(/usr/local/texlive/2019/texmf-dist/tex/latex/oberdiek/auxhook.sty
Package: auxhook 2016/05/16 v1.4 Hooks for auxiliary files (HO)
)
(/usr/local/texlive/2019/texmf-dist/tex/latex/oberdiek/kvoptions.sty
Package: kvoptions 2016/05/16 v3.12 Key value format for package options (HO)
)
\@linkdim=\dimen172
\Hy@linkcounter=\count134
\Hy@pagecounter=\count135

(/usr/local/texlive/2019/texmf-dist/tex/latex/hyperref/pd1enc.def
File: pd1enc.def 2018/11/30 v6.88e Hyperref: PDFDocEncoding definition (HO)
Now handling font encoding PD1 ...
... no UTF-8 mapping file for font encoding PD1
)
\Hy@SavedSpaceFactor=\count136

(/usr/local/texlive/2019/texmf-dist/tex/latex/latexconfig/hyperref.cfg
File: hyperref.cfg 2002/06/06 v1.2 hyperref configuration of TeXLive
)
Package hyperref Info: Hyper figures OFF on input line 4519.
Package hyperref Info: Link nesting OFF on input line 4524.
Package hyperref Info: Hyper index ON on input line 4527.
Package hyperref Info: Plain pages OFF on input line 4534.
Package hyperref Info: Backreferencing OFF on input line 4539.
Package hyperref Info: Implicit mode ON; LaTeX internals redefined.
Package hyperref Info: Bookmarks ON on input line 4772.
\c@Hy@tempcnt=\count137

(/usr/local/texlive/2019/texmf-dist/tex/latex/url/url.sty
\Urlmuskip=\muskip11
Package: url 2013/09/16  ver 3.4  Verb mode for urls, etc.
)
LaTeX Info: Redefining \url on input line 5125.
\XeTeXLinkMargin=\dimen173
\Fld@menulength=\count138
\Field@Width=\dimen174
\Fld@charsize=\dimen175
Package hyperref Info: Hyper figures OFF on input line 6380.
Package hyperref Info: Link nesting OFF on input line 6385.
Package hyperref Info: Hyper index ON on input line 6388.
Package hyperref Info: backreferencing OFF on input line 6395.
Package hyperref Info: Link coloring OFF on input line 6400.
Package hyperref Info: Link coloring with OCG OFF on input line 6405.
Package hyperref Info: PDF/A mode OFF on input line 6410.
LaTeX Info: Redefining \ref on input line 6450.
LaTeX Info: Redefining \pageref on input line 6454.
\Hy@abspage=\count139
\c@Item=\count140
\c@Hfootnote=\count141
)
Package hyperref Info: Driver (autodetected): hpdftex.

(/usr/local/texlive/2019/texmf-dist/tex/latex/hyperref/hpdftex.def
File: hpdftex.def 2018/11/30 v6.88e Hyperref driver for pdfTeX
\Fld@listcount=\count142
\c@bookmark@seq@number=\count143

(/usr/local/texlive/2019/texmf-dist/tex/latex/oberdiek/rerunfilecheck.sty
Package: rerunfilecheck 2016/05/16 v1.8 Rerun checks for auxiliary files (HO)
Package uniquecounter Info: New unique counter `rerunfilecheck' on input line 2
82.
)
\Hy@SectionHShift=\skip49
)
(./clickerdefs.tex
\c@ABCcounter=\count144
\c@IVcounter=\count145
)
(/usr/local/texlive/2019/texmf-dist/tex/latex/vmargin/vmargin.sty
Package: vmargin 2004/07/15 V2.5 set document margins (VK)

Package: vmargin 2004/07/15 V2.5 set document margins (VK)
\PaperWidth=\dimen176
\PaperHeight=\dimen177
) (/usr/local/texlive/2019/texmf-dist/tex/latex/fancyhdr/fancyheadings.sty
Package: fancyheadings 2019/01/31 v3.10 Legacy package to call fancyhdr


Package fancyheadings Warning: Please stop using fancyheadings!
(fancyheadings)                Use fancyhdr instead.
(fancyheadings)                We will call fancyhdr with the very same
(fancyheadings)                options you passed to fancyheadings.
(fancyheadings)                
(fancyheadings)                fancyhdr is 99 percent compatible with
(fancyheadings)                fancyheadings. The only incompatibility is
(fancyheadings)                that \headrulewidth and \footrulewidth and
(fancyheadings)                their \plain... versions are no longer length
(fancyheadings)                parameters, but normal macros (to be changed
(fancyheadings)                with \renewcommand rather than \setlength)..

(/usr/local/texlive/2019/texmf-dist/tex/latex/fancyhdr/fancyhdr.sty
Package: fancyhdr 2019/01/31 v3.10 Extensive control of page headers and footer
s
\f@nch@headwidth=\skip50
\f@nch@O@elh=\skip51
\f@nch@O@erh=\skip52
\f@nch@O@olh=\skip53
\f@nch@O@orh=\skip54
\f@nch@O@elf=\skip55
\f@nch@O@erf=\skip56
\f@nch@O@olf=\skip57
\f@nch@O@orf=\skip58
))
\c@totalQ=\count146
\c@totalTF=\count147
\c@totalMC=\count148
\c@Acount=\count149
\c@Bcount=\count150
\c@Ccount=\count151
\c@Dcount=\count152
\c@Ecount=\count153
\mycoltwosize=\skip59

(./clickerQbank.aux)
\openout1 = `clickerQbank.aux'.

LaTeX Font Info:    Checking defaults for OML/cmm/m/it on input line 223.
LaTeX Font Info:    ... okay on input line 223.
LaTeX Font Info:    Checking defaults for T1/cmr/m/n on input line 223.
LaTeX Font Info:    ... okay on input line 223.
LaTeX Font Info:    Checking defaults for OT1/cmr/m/n on input line 223.
LaTeX Font Info:    ... okay on input line 223.
LaTeX Font Info:    Checking defaults for OMS/cmsy/m/n on input line 223.
LaTeX Font Info:    ... okay on input line 223.
LaTeX Font Info:    Checking defaults for OMX/cmex/m/n on input line 223.
LaTeX Font Info:    ... okay on input line 223.
LaTeX Font Info:    Checking defaults for U/cmr/m/n on input line 223.
LaTeX Font Info:    ... okay on input line 223.
LaTeX Font Info:    Checking defaults for PD1/pdf/m/n on input line 223.
LaTeX Font Info:    ... okay on input line 223.

(/usr/local/texlive/2019/texmf-dist/tex/context/base/mkii/supp-pdf.mkii
[Loading MPS to PDF converter (version 2006.09.02).]
\scratchcounter=\count154
\scratchdimen=\dimen178
\scratchbox=\box41
\nofMPsegments=\count155
\nofMParguments=\count156
\everyMPshowfont=\toks33
\MPscratchCnt=\count157
\MPscratchDim=\dimen179
\MPnumerator=\count158
\makeMPintoPDFobject=\count159
\everyMPtoPDFconversion=\toks34
) (/usr/local/texlive/2019/texmf-dist/tex/latex/oberdiek/epstopdf-base.sty
Package: epstopdf-base 2016/05/15 v2.6 Base part for package epstopdf

(/usr/local/texlive/2019/texmf-dist/tex/latex/oberdiek/grfext.sty
Package: grfext 2016/05/16 v1.2 Manage graphics extensions (HO)
)
Package epstopdf-base Info: Redefining graphics rule for `.eps' on input line 4
38.
Package grfext Info: Graphics extension search list:
(grfext)             [.pdf,.png,.jpg,.mps,.jpeg,.jbig2,.jb2,.PDF,.PNG,.JPG,.JPE
G,.JBIG2,.JB2,.eps]
(grfext)             \AppendGraphicsExtensions on input line 456.

(/usr/local/texlive/2019/texmf-dist/tex/latex/latexconfig/epstopdf-sys.cfg
File: epstopdf-sys.cfg 2010/07/13 v1.3 Configuration of (r)epstopdf for TeX Liv
e
))
ABD: EveryShipout initializing macros
\AtBeginShipoutBox=\box42
Package hyperref Info: Link coloring OFF on input line 223.

(/usr/local/texlive/2019/texmf-dist/tex/latex/hyperref/nameref.sty
Package: nameref 2016/05/21 v2.44 Cross-referencing by name of section

(/usr/local/texlive/2019/texmf-dist/tex/generic/oberdiek/gettitlestring.sty
Package: gettitlestring 2016/05/16 v1.5 Cleanup title references (HO)
)
\c@section@level=\count160
)
LaTeX Info: Redefining \ref on input line 223.
LaTeX Info: Redefining \pageref on input line 223.
LaTeX Info: Redefining \nameref on input line 223.

(./clickerQbank.out) (./clickerQbank.out)
\@outlinefile=\write4
\openout4 = `clickerQbank.out'.

<cc-by-nc-sa.png, id=7, 97.0827pt x 33.9669pt>
File: cc-by-nc-sa.png Graphic file (type png)
<use cc-by-nc-sa.png>
Package pdftex.def Info: cc-by-nc-sa.png  used on input line 242.
(pdftex.def)             Requested size: 81.32224pt x 28.45274pt.
LaTeX Font Info:    Try loading font information for U+msa on input line 242.

(/usr/local/texlive/2019/texmf-dist/tex/latex/amsfonts/umsa.fd
File: umsa.fd 2013/01/14 v3.01 AMS symbols A
)
LaTeX Font Info:    Try loading font information for U+msb on input line 242.

(/usr/local/texlive/2019/texmf-dist/tex/latex/amsfonts/umsb.fd
File: umsb.fd 2013/01/14 v3.01 AMS symbols B
)
LaTeX Font Info:    Try loading font information for OMS+cmss on input line 279
.
LaTeX Font Info:    No file OMScmss.fd. on input line 279.


LaTeX Font Warning: Font shape `OMS/cmss/m/n' undefined
(Font)              using `OMS/cmsy/m/n' instead
(Font)              for symbol `textbraceleft' on input line 279.

File: cc-by-nc-sa.png Graphic file (type png)
<use cc-by-nc-sa.png>
Package pdftex.def Info: cc-by-nc-sa.png  used on input line 319.
(pdftex.def)             Requested size: 48.79305pt x 17.07182pt.
[1

{/usr/local/texlive/2019/texmf-var/fonts/map/pdftex/updmap/pdftex.map} <./cc-by
-nc-sa.png>]
<figures/setun2.pdf, id=45, 557.08125pt x 366.36874pt>
File: figures/setun2.pdf Graphic file (type pdf)
<use figures/setun2.pdf>
Package pdftex.def Info: figures/setun2.pdf  used on input line 358.
(pdftex.def)             Requested size: 225.21626pt x 148.11018pt.
File: cc-by-nc-sa.png Graphic file (type png)
<use cc-by-nc-sa.png>
Package pdftex.def Info: cc-by-nc-sa.png  used on input line 371.
(pdftex.def)             Requested size: 48.79305pt x 17.07182pt.
 [2 <./figures/setun2.pdf>]
File: cc-by-nc-sa.png Graphic file (type png)
<use cc-by-nc-sa.png>
Package pdftex.def Info: cc-by-nc-sa.png  used on input line 441.
(pdftex.def)             Requested size: 48.79305pt x 17.07182pt.
 [3]
File: cc-by-nc-sa.png Graphic file (type png)
<use cc-by-nc-sa.png>
Package pdftex.def Info: cc-by-nc-sa.png  used on input line 506.
(pdftex.def)             Requested size: 48.79305pt x 17.07182pt.
 [4]
File: cc-by-nc-sa.png Graphic file (type png)
<use cc-by-nc-sa.png>
Package pdftex.def Info: cc-by-nc-sa.png  used on input line 567.
(pdftex.def)             Requested size: 48.79305pt x 17.07182pt.
 [5]
File: cc-by-nc-sa.png Graphic file (type png)
<use cc-by-nc-sa.png>
Package pdftex.def Info: cc-by-nc-sa.png  used on input line 618.
(pdftex.def)             Requested size: 48.79305pt x 17.07182pt.
 [6]
File: cc-by-nc-sa.png Graphic file (type png)
<use cc-by-nc-sa.png>
Package pdftex.def Info: cc-by-nc-sa.png  used on input line 684.
(pdftex.def)             Requested size: 48.79305pt x 17.07182pt.
 [7]
<figures/mvt2.pdf, id=227, 495.8525pt x 393.47pt>
File: figures/mvt2.pdf Graphic file (type pdf)
<use figures/mvt2.pdf>
Package pdftex.def Info: figures/mvt2.pdf  used on input line 697.
(pdftex.def)             Requested size: 225.21626pt x 178.7109pt.
File: cc-by-nc-sa.png Graphic file (type png)
<use cc-by-nc-sa.png>
Package pdftex.def Info: cc-by-nc-sa.png  used on input line 708.
(pdftex.def)             Requested size: 48.79305pt x 17.07182pt.
 [8 <./figures/mvt2.pdf>]
File: cc-by-nc-sa.png Graphic file (type png)
<use cc-by-nc-sa.png>
Package pdftex.def Info: cc-by-nc-sa.png  used on input line 770.
(pdftex.def)             Requested size: 48.79305pt x 17.07182pt.
 [9]
File: cc-by-nc-sa.png Graphic file (type png)
<use cc-by-nc-sa.png>
Package pdftex.def Info: cc-by-nc-sa.png  used on input line 770.
(pdftex.def)             Requested size: 48.79305pt x 17.07182pt.
 [10]
<figures/xsinx1.pdf, id=293, 486.81876pt x 231.86626pt>
File: figures/xsinx1.pdf Graphic file (type pdf)
<use figures/xsinx1.pdf>
Package pdftex.def Info: figures/xsinx1.pdf  used on input line 799.
(pdftex.def)             Requested size: 225.21626pt x 107.2683pt.
<figures/xsinx.pdf, id=294, 486.81876pt x 231.86626pt>
File: figures/xsinx.pdf Graphic file (type pdf)
<use figures/xsinx.pdf>
Package pdftex.def Info: figures/xsinx.pdf  used on input line 817.
(pdftex.def)             Requested size: 225.21626pt x 107.2683pt.
File: cc-by-nc-sa.png Graphic file (type png)
<use cc-by-nc-sa.png>
Package pdftex.def Info: cc-by-nc-sa.png  used on input line 817.
(pdftex.def)             Requested size: 48.79305pt x 17.07182pt.
 [11 <./figures/xsinx1.pdf>]
<figures/bisecf.pdf, id=323, 431.6125pt x 312.16624pt>
File: figures/bisecf.pdf Graphic file (type pdf)
<use figures/bisecf.pdf>
Package pdftex.def Info: figures/bisecf.pdf  used on input line 844.
(pdftex.def)             Requested size: 225.21626pt x 162.88943pt.

Overfull \hbox (9.94861pt too wide) in paragraph at lines 844--844
[][][]  [] 
 []

<figures/bisec.pdf, id=324, 421.575pt x 316.18124pt>
File: figures/bisec.pdf Graphic file (type pdf)
<use figures/bisec.pdf>
Package pdftex.def Info: figures/bisec.pdf  used on input line 852.
(pdftex.def)             Requested size: 225.21626pt x 168.91647pt.
File: cc-by-nc-sa.png Graphic file (type png)
<use cc-by-nc-sa.png>
Package pdftex.def Info: cc-by-nc-sa.png  used on input line 852.
(pdftex.def)             Requested size: 48.79305pt x 17.07182pt.
[12 <./figures/xsinx.pdf> <./figures/bisecf.pdf>]
File: cc-by-nc-sa.png Graphic file (type png)
<use cc-by-nc-sa.png>
Package pdftex.def Info: cc-by-nc-sa.png  used on input line 900.
(pdftex.def)             Requested size: 48.79305pt x 17.07182pt.
 [13 <./figures/bisec.pdf>]
<figures/intbisect.pdf, id=374, 485.815pt x 385.44pt>
File: figures/intbisect.pdf Graphic file (type pdf)
<use figures/intbisect.pdf>
Package pdftex.def Info: figures/intbisect.pdf  used on input line 945.
(pdftex.def)             Requested size: 200.19054pt x 158.8254pt.
File: cc-by-nc-sa.png Graphic file (type png)
<use cc-by-nc-sa.png>
Package pdftex.def Info: cc-by-nc-sa.png  used on input line 987.
(pdftex.def)             Requested size: 48.79305pt x 17.07182pt.

[14 <./figures/intbisect.pdf>]
Overfull \hbox (9.94861pt too wide) in paragraph at lines 987--987
[][][]  [] 
 []

File: cc-by-nc-sa.png Graphic file (type png)
<use cc-by-nc-sa.png>
Package pdftex.def Info: cc-by-nc-sa.png  used on input line 1025.
(pdftex.def)             Requested size: 48.79305pt x 17.07182pt.
[15]
<figures/fixiter.pdf, id=423, 421.575pt x 316.18124pt>
File: figures/fixiter.pdf Graphic file (type pdf)
<use figures/fixiter.pdf>
Package pdftex.def Info: figures/fixiter.pdf  used on input line 1058.
(pdftex.def)             Requested size: 225.21626pt x 168.91647pt.

Overfull \hbox (9.94861pt too wide) in paragraph at lines 1058--1058
[][][]  [] 
 []

<figures/fixiter2.pdf, id=424, 405.515pt x 312.16624pt>
File: figures/fixiter2.pdf Graphic file (type pdf)
<use figures/fixiter2.pdf>
Package pdftex.def Info: figures/fixiter2.pdf  used on input line 1075.
(pdftex.def)             Requested size: 225.21626pt x 173.3734pt.

Overfull \hbox (9.94861pt too wide) in paragraph at lines 1075--1075
[][][]  [] 
 []

File: cc-by-nc-sa.png Graphic file (type png)
<use cc-by-nc-sa.png>
Package pdftex.def Info: cc-by-nc-sa.png  used on input line 1075.
(pdftex.def)             Requested size: 48.79305pt x 17.07182pt.
[16 <./figures/fixiter.pdf>]
Overfull \hbox (9.94861pt too wide) in paragraph at lines 1127--1127
[][][]  [] 
 []

File: cc-by-nc-sa.png Graphic file (type png)
<use cc-by-nc-sa.png>
Package pdftex.def Info: cc-by-nc-sa.png  used on input line 1128.
(pdftex.def)             Requested size: 48.79305pt x 17.07182pt.
[17 <./figures/fixiter2.pdf>]
File: cc-by-nc-sa.png Graphic file (type png)
<use cc-by-nc-sa.png>
Package pdftex.def Info: cc-by-nc-sa.png  used on input line 1196.
(pdftex.def)             Requested size: 48.79305pt x 17.07182pt.
 [18]
File: cc-by-nc-sa.png Graphic file (type png)
<use cc-by-nc-sa.png>
Package pdftex.def Info: cc-by-nc-sa.png  used on input line 1253.
(pdftex.def)             Requested size: 48.79305pt x 17.07182pt.
 [19]
Underfull \hbox (badness 7888) in paragraph at lines 1319--1319
[]\OT1/cmr/m/n/10 This par-tial code im-ple-ments New-ton's
 []


Overfull \hbox (9.94861pt too wide) in paragraph at lines 1319--1319
[][][]  [] 
 []

File: cc-by-nc-sa.png Graphic file (type png)
<use cc-by-nc-sa.png>
Package pdftex.def Info: cc-by-nc-sa.png  used on input line 1319.
(pdftex.def)             Requested size: 48.79305pt x 17.07182pt.
[20]
Underfull \hbox (badness 10000) in paragraph at lines 1347--1347
[]\OT1/cmtt/m/n/10 while( abs(x0-x1) > tol ), % absolute error
 []


Overfull \hbox (9.94861pt too wide) in paragraph at lines 1347--1347
[][][]  [] 
 []

LaTeX Font Info:    Try loading font information for OMS+cmr on input line 1406
.
(/usr/local/texlive/2019/texmf-dist/tex/latex/base/omscmr.fd
File: omscmr.fd 2014/09/29 v2.5h Standard LaTeX font definitions
)
LaTeX Font Info:    Font shape `OMS/cmr/m/it' in size <10> not available
(Font)              Font shape `OMS/cmsy/m/n' tried instead on input line 1406.

File: cc-by-nc-sa.png Graphic file (type png)
<use cc-by-nc-sa.png>
Package pdftex.def Info: cc-by-nc-sa.png  used on input line 1436.
(pdftex.def)             Requested size: 48.79305pt x 17.07182pt.
 [21]
<figures/newton.pdf, id=590, 478.78876pt x 377.41pt>
File: figures/newton.pdf Graphic file (type pdf)
<use figures/newton.pdf>
Package pdftex.def Info: figures/newton.pdf  used on input line 1436.
(pdftex.def)             Requested size: 225.21626pt x 177.52669pt.
File: figures/newton.pdf Graphic file (type pdf)
<use figures/newton.pdf>
Package pdftex.def Info: figures/newton.pdf  used on input line 1451.
(pdftex.def)             Requested size: 225.21626pt x 177.52669pt.
File: cc-by-nc-sa.png Graphic file (type png)
<use cc-by-nc-sa.png>
Package pdftex.def Info: cc-by-nc-sa.png  used on input line 1452.
(pdftex.def)             Requested size: 48.79305pt x 17.07182pt.
 [22 <./figures/newton.pdf>]
File: cc-by-nc-sa.png Graphic file (type png)
<use cc-by-nc-sa.png>
Package pdftex.def Info: cc-by-nc-sa.png  used on input line 1528.
(pdftex.def)             Requested size: 48.79305pt x 17.07182pt.
 [23]
File: cc-by-nc-sa.png Graphic file (type png)
<use cc-by-nc-sa.png>
Package pdftex.def Info: cc-by-nc-sa.png  used on input line 1593.
(pdftex.def)             Requested size: 48.79305pt x 17.07182pt.
 [24]
<figures/convplot1.pdf, id=666, 514.92375pt x 395.4775pt>
File: figures/convplot1.pdf Graphic file (type pdf)
<use figures/convplot1.pdf>
Package pdftex.def Info: figures/convplot1.pdf  used on input line 1619.
(pdftex.def)             Requested size: 225.21626pt x 172.9727pt.
<figures/convplot1log.pdf, id=667, 514.92375pt x 395.4775pt>
File: figures/convplot1log.pdf Graphic file (type pdf)
<use figures/convplot1log.pdf>
Package pdftex.def Info: figures/convplot1log.pdf  used on input line 1640.
(pdftex.def)             Requested size: 225.21626pt x 172.9727pt.
File: cc-by-nc-sa.png Graphic file (type png)
<use cc-by-nc-sa.png>
Package pdftex.def Info: cc-by-nc-sa.png  used on input line 1640.
(pdftex.def)             Requested size: 48.79305pt x 17.07182pt.
 [25 <./figures/convplot1.pdf>]
File: cc-by-nc-sa.png Graphic file (type png)
<use cc-by-nc-sa.png>
Package pdftex.def Info: cc-by-nc-sa.png  used on input line 1650.
(pdftex.def)             Requested size: 48.79305pt x 17.07182pt.
 [26 <./figures/convplot1log.pdf>]
File: cc-by-nc-sa.png Graphic file (type png)
<use cc-by-nc-sa.png>
Package pdftex.def Info: cc-by-nc-sa.png  used on input line 1743.
(pdftex.def)             Requested size: 48.79305pt x 17.07182pt.
 [27]
File: cc-by-nc-sa.png Graphic file (type png)
<use cc-by-nc-sa.png>
Package pdftex.def Info: cc-by-nc-sa.png  used on input line 1811.
(pdftex.def)             Requested size: 48.79305pt x 17.07182pt.
 [28]
Overfull \hbox (9.79384pt too wide) detected at line 1839
[]
 []

<figures/linearsystem1.pdf, id=765, 421.575pt x 316.18124pt>
File: figures/linearsystem1.pdf Graphic file (type pdf)
<use figures/linearsystem1.pdf>
Package pdftex.def Info: figures/linearsystem1.pdf  used on input line 1904.
(pdftex.def)             Requested size: 200.19435pt x 150.14905pt.

Overfull \hbox (25.00003pt too wide) in paragraph at lines 1904--1904
[][] 
 []

<figures/linearsystem2.pdf, id=766, 421.575pt x 316.18124pt>
File: figures/linearsystem2.pdf Graphic file (type pdf)
<use figures/linearsystem2.pdf>
Package pdftex.def Info: figures/linearsystem2.pdf  used on input line 1904.
(pdftex.def)             Requested size: 200.19435pt x 150.14905pt.

Overfull \hbox (25.00003pt too wide) in paragraph at lines 1904--1904
[][] 
 []

<figures/linearsystem3.pdf, id=767, 421.575pt x 316.18124pt>
File: figures/linearsystem3.pdf Graphic file (type pdf)
<use figures/linearsystem3.pdf>
Package pdftex.def Info: figures/linearsystem3.pdf  used on input line 1904.
(pdftex.def)             Requested size: 200.19435pt x 150.14905pt.

Overfull \hbox (25.00003pt too wide) in paragraph at lines 1904--1904
[][] 
 []

<figures/linearsystem4.pdf, id=768, 421.575pt x 316.18124pt>
File: figures/linearsystem4.pdf Graphic file (type pdf)
<use figures/linearsystem4.pdf>
Package pdftex.def Info: figures/linearsystem4.pdf  used on input line 1904.
(pdftex.def)             Requested size: 200.19435pt x 150.14905pt.

Overfull \hbox (25.00003pt too wide) in paragraph at lines 1904--1904
[][] 
 []


Overfull \hbox (27.22223pt too wide) in paragraph at lines 1904--1904
[] [] 
 []

File: cc-by-nc-sa.png Graphic file (type png)
<use cc-by-nc-sa.png>
Package pdftex.def Info: cc-by-nc-sa.png  used on input line 1904.
(pdftex.def)             Requested size: 48.79305pt x 17.07182pt.
[29]
File: figures/linearsystem1.pdf Graphic file (type pdf)
<use figures/linearsystem1.pdf>
Package pdftex.def Info: figures/linearsystem1.pdf  used on input line 1932.
(pdftex.def)             Requested size: 225.21626pt x 168.91647pt.

Overfull \hbox (9.94861pt too wide) in paragraph at lines 1932--1932
[][][]  [] 
 []

File: cc-by-nc-sa.png Graphic file (type png)
<use cc-by-nc-sa.png>
Package pdftex.def Info: cc-by-nc-sa.png  used on input line 1932.
(pdftex.def)             Requested size: 48.79305pt x 17.07182pt.
[30 <./figures/linearsystem1.pdf> <./figures/linearsystem2.pdf> <./figures/line
arsystem3.pdf> <./figures/linearsystem4.pdf>]
<figures/linearsystem5.pdf, id=828, 429.605pt x 339.2675pt>
File: figures/linearsystem5.pdf Graphic file (type pdf)
<use figures/linearsystem5.pdf>
Package pdftex.def Info: figures/linearsystem5.pdf  used on input line 1945.
(pdftex.def)             Requested size: 225.21626pt x 177.85925pt.

Overfull \hbox (9.94861pt too wide) in paragraph at lines 1945--1945
[][][]  [] 
 []

File: cc-by-nc-sa.png Graphic file (type png)
<use cc-by-nc-sa.png>
Package pdftex.def Info: cc-by-nc-sa.png  used on input line 1961.
(pdftex.def)             Requested size: 48.79305pt x 17.07182pt.
[31 <./figures/linearsystem5.pdf>]
File: cc-by-nc-sa.png Graphic file (type png)
<use cc-by-nc-sa.png>
Package pdftex.def Info: cc-by-nc-sa.png  used on input line 2026.
(pdftex.def)             Requested size: 48.79305pt x 17.07182pt.
 [32]
File: cc-by-nc-sa.png Graphic file (type png)
<use cc-by-nc-sa.png>
Package pdftex.def Info: cc-by-nc-sa.png  used on input line 2082.
(pdftex.def)             Requested size: 48.79305pt x 17.07182pt.
 [33]
File: cc-by-nc-sa.png Graphic file (type png)
<use cc-by-nc-sa.png>
Package pdftex.def Info: cc-by-nc-sa.png  used on input line 2143.
(pdftex.def)             Requested size: 48.79305pt x 17.07182pt.
 [34]
File: cc-by-nc-sa.png Graphic file (type png)
<use cc-by-nc-sa.png>
Package pdftex.def Info: cc-by-nc-sa.png  used on input line 2184.
(pdftex.def)             Requested size: 48.79305pt x 17.07182pt.
 [35]
File: cc-by-nc-sa.png Graphic file (type png)
<use cc-by-nc-sa.png>
Package pdftex.def Info: cc-by-nc-sa.png  used on input line 2272.
(pdftex.def)             Requested size: 48.79305pt x 17.07182pt.
 [36]
Underfull \hbox (badness 10000) in paragraph at lines 2272--2272

 []


Underfull \hbox (badness 10000) in paragraph at lines 2272--2272

 []

File: cc-by-nc-sa.png Graphic file (type png)
<use cc-by-nc-sa.png>
Package pdftex.def Info: cc-by-nc-sa.png  used on input line 2324.
(pdftex.def)             Requested size: 48.79305pt x 17.07182pt.
[37]
<figures/powerlaw1a.pdf, id=1003, 502.87875pt x 396.48125pt>
File: figures/powerlaw1a.pdf Graphic file (type pdf)
<use figures/powerlaw1a.pdf>
Package pdftex.def Info: figures/powerlaw1a.pdf  used on input line 2390.
(pdftex.def)             Requested size: 225.21626pt x 177.56187pt.

Overfull \hbox (9.94861pt too wide) in paragraph at lines 2390--2390
[][][]  [] 
 []

File: cc-by-nc-sa.png Graphic file (type png)
<use cc-by-nc-sa.png>
Package pdftex.def Info: cc-by-nc-sa.png  used on input line 2390.
(pdftex.def)             Requested size: 48.79305pt x 17.07182pt.
[38 <./figures/powerlaw1a.pdf>]
<figures/powerlaw1b.pdf, id=1030, 513.92pt x 396.48125pt>
File: figures/powerlaw1b.pdf Graphic file (type pdf)
<use figures/powerlaw1b.pdf>
Package pdftex.def Info: figures/powerlaw1b.pdf  used on input line 2417.
(pdftex.def)             Requested size: 225.21626pt x 173.7505pt.

Overfull \hbox (9.94861pt too wide) in paragraph at lines 2417--2417
[][][]  [] 
 []

<figures/powerlaw1c.pdf, id=1031, 508.90125pt x 400.49625pt>
File: figures/powerlaw1c.pdf Graphic file (type pdf)
<use figures/powerlaw1c.pdf>
Package pdftex.def Info: figures/powerlaw1c.pdf  used on input line 2438.
(pdftex.def)             Requested size: 225.21626pt x 177.23944pt.

Overfull \hbox (9.94861pt too wide) in paragraph at lines 2438--2438
[][][]  [] 
 []

File: cc-by-nc-sa.png Graphic file (type png)
<use cc-by-nc-sa.png>
Package pdftex.def Info: cc-by-nc-sa.png  used on input line 2438.
(pdftex.def)             Requested size: 48.79305pt x 17.07182pt.
[39 <./figures/powerlaw1b.pdf>]
<figures/powerlaw3a.pdf, id=1051, 499.8675pt x 394.47375pt>
File: figures/powerlaw3a.pdf Graphic file (type pdf)
<use figures/powerlaw3a.pdf>
Package pdftex.def Info: figures/powerlaw3a.pdf  used on input line 2454.
(pdftex.def)             Requested size: 225.21626pt x 177.72823pt.

Overfull \hbox (9.94861pt too wide) in paragraph at lines 2454--2454
[][][]  [] 
 []

<figures/powerlaw3bsave.pdf, id=1052, 499.8675pt x 393.47pt>
File: figures/powerlaw3bsave.pdf Graphic file (type pdf)
<use figures/powerlaw3bsave.pdf>
Package pdftex.def Info: figures/powerlaw3bsave.pdf  used on input line 2470.
(pdftex.def)             Requested size: 225.21626pt x 177.27599pt.

Overfull \hbox (9.94861pt too wide) in paragraph at lines 2470--2470
[][][]  [] 
 []

File: cc-by-nc-sa.png Graphic file (type png)
<use cc-by-nc-sa.png>
Package pdftex.def Info: cc-by-nc-sa.png  used on input line 2470.
(pdftex.def)             Requested size: 48.79305pt x 17.07182pt.
[40 <./figures/powerlaw1c.pdf> <./figures/powerlaw3a.pdf>]
File: cc-by-nc-sa.png Graphic file (type png)
<use cc-by-nc-sa.png>
Package pdftex.def Info: cc-by-nc-sa.png  used on input line 2529.
(pdftex.def)             Requested size: 48.79305pt x 17.07182pt.
 [41 <./figures/powerlaw3bsave.pdf>]
<figures/powerlaw2a.pdf, id=1102, 495.8525pt x 411.5375pt>
File: figures/powerlaw2a.pdf Graphic file (type pdf)
<use figures/powerlaw2a.pdf>
Package pdftex.def Info: figures/powerlaw2a.pdf  used on input line 2529.
(pdftex.def)             Requested size: 150.14671pt x 124.61136pt.
<figures/powerlaw2b.pdf, id=1103, 509.905pt x 411.5375pt>
File: figures/powerlaw2b.pdf Graphic file (type pdf)
<use figures/powerlaw2b.pdf>
Package pdftex.def Info: figures/powerlaw2b.pdf  used on input line 2529.
(pdftex.def)             Requested size: 150.14671pt x 121.18272pt.
<figures/powerlaw2c.pdf, id=1104, 505.89pt x 411.5375pt>
File: figures/powerlaw2c.pdf Graphic file (type pdf)
<use figures/powerlaw2c.pdf>
Package pdftex.def Info: figures/powerlaw2c.pdf  used on input line 2529.
(pdftex.def)             Requested size: 150.14671pt x 122.1435pt.
File: cc-by-nc-sa.png Graphic file (type png)
<use cc-by-nc-sa.png>
Package pdftex.def Info: cc-by-nc-sa.png  used on input line 2607.
(pdftex.def)             Requested size: 48.79305pt x 17.07182pt.
 [42 <./figures/powerlaw2a.pdf> <./figures/powerlaw2b.pdf> <./figures/powerlaw2
c.pdf>]
File: cc-by-nc-sa.png Graphic file (type png)
<use cc-by-nc-sa.png>
Package pdftex.def Info: cc-by-nc-sa.png  used on input line 2677.
(pdftex.def)             Requested size: 48.79305pt x 17.07182pt.
 [43]
File: cc-by-nc-sa.png Graphic file (type png)
<use cc-by-nc-sa.png>
Package pdftex.def Info: cc-by-nc-sa.png  used on input line 2756.
(pdftex.def)             Requested size: 48.79305pt x 17.07182pt.
 [44]
File: cc-by-nc-sa.png Graphic file (type png)
<use cc-by-nc-sa.png>
Package pdftex.def Info: cc-by-nc-sa.png  used on input line 2766.
(pdftex.def)             Requested size: 48.79305pt x 17.07182pt.
 [45]
File: cc-by-nc-sa.png Graphic file (type png)
<use cc-by-nc-sa.png>
Package pdftex.def Info: cc-by-nc-sa.png  used on input line 2841.
(pdftex.def)             Requested size: 48.79305pt x 17.07182pt.
 [46]
Overfull \hbox (27.22223pt too wide) in paragraph at lines 2896--2896
[] [] 
 []


Underfull \hbox (badness 3590) in paragraph at lines 2949--2949
[]\OT1/cmr/m/n/10 For the $\OML/cmm/m/it/10 n \OT1/cmr/m/n/10 + 1$ data points 
$(\OML/cmm/m/it/10 x[]; y[]\OT1/cmr/m/n/10 )\OML/cmm/m/it/10 ; \OT1/cmr/m/n/10 
(\OML/cmm/m/it/10 x[]; y[]\OT1/cmr/m/n/10 )\OML/cmm/m/it/10 ; [] ; \OT1/cmr/m/n
/10 (\OML/cmm/m/it/10 x[]; y[]\OT1/cmr/m/n/10 )$, the
 []


Underfull \hbox (badness 2486) in paragraph at lines 2949--2949
\OML/cmm/m/it/10 n[]$ \OT1/cmr/m/n/10 de-gree La-grange poly-no-mial is $[]$ wh
ere
 []


Overfull \hbox (9.94861pt too wide) in paragraph at lines 2949--2949
[][][]  [] 
 []

File: cc-by-nc-sa.png Graphic file (type png)
<use cc-by-nc-sa.png>
Package pdftex.def Info: cc-by-nc-sa.png  used on input line 2949.
(pdftex.def)             Requested size: 48.79305pt x 17.07182pt.
[47]
File: cc-by-nc-sa.png Graphic file (type png)
<use cc-by-nc-sa.png>
Package pdftex.def Info: cc-by-nc-sa.png  used on input line 3007.
(pdftex.def)             Requested size: 48.79305pt x 17.07182pt.
 [48]
Overfull \hbox (9.94861pt too wide) in paragraph at lines 3035--3035
[][][]  [] 
 []


Overfull \hbox (9.94861pt too wide) in paragraph at lines 3063--3063
[][][]  [] 
 []


Overfull \hbox (9.94861pt too wide) in paragraph at lines 3086--3086
[][][]  [] 
 []

File: cc-by-nc-sa.png Graphic file (type png)
<use cc-by-nc-sa.png>
Package pdftex.def Info: cc-by-nc-sa.png  used on input line 3086.
(pdftex.def)             Requested size: 48.79305pt x 17.07182pt.
[49]
Underfull \hbox (badness 10000) in paragraph at lines 3158--3158

 []


Overfull \hbox (9.94861pt too wide) in paragraph at lines 3158--3158
[][][]  [] 
 []

File: cc-by-nc-sa.png Graphic file (type png)
<use cc-by-nc-sa.png>
Package pdftex.def Info: cc-by-nc-sa.png  used on input line 3158.
(pdftex.def)             Requested size: 48.79305pt x 17.07182pt.
[50]
Underfull \hbox (badness 10000) in paragraph at lines 3186--3186

 []


Overfull \hbox (9.94861pt too wide) in paragraph at lines 3186--3186
[][][]  [] 
 []

File: cc-by-nc-sa.png Graphic file (type png)
<use cc-by-nc-sa.png>
Package pdftex.def Info: cc-by-nc-sa.png  used on input line 3236.
(pdftex.def)             Requested size: 48.79305pt x 17.07182pt.
[51]
File: cc-by-nc-sa.png Graphic file (type png)
<use cc-by-nc-sa.png>
Package pdftex.def Info: cc-by-nc-sa.png  used on input line 3303.
(pdftex.def)             Requested size: 48.79305pt x 17.07182pt.
 [52]
File: cc-by-nc-sa.png Graphic file (type png)
<use cc-by-nc-sa.png>
Package pdftex.def Info: cc-by-nc-sa.png  used on input line 3387.
(pdftex.def)             Requested size: 48.79305pt x 17.07182pt.
 [53]
<figures/splinecompare.pdf, id=1371, 501.875pt x 392.46625pt>
File: figures/splinecompare.pdf Graphic file (type pdf)
<use figures/splinecompare.pdf>
Package pdftex.def Info: figures/splinecompare.pdf  used on input line 3402.
(pdftex.def)             Requested size: 225.21626pt x 176.1231pt.

Overfull \hbox (9.94861pt too wide) in paragraph at lines 3402--3402
[][][]  [] 
 []

<figures/lsf_fit.pdf, id=1372, 429.605pt x 339.2675pt>
File: figures/lsf_fit.pdf Graphic file (type pdf)
<use figures/lsf_fit.pdf>
Package pdftex.def Info: figures/lsf_fit.pdf  used on input line 3434.
(pdftex.def)             Requested size: 202.69325pt x 160.07178pt.
<figures/lsf_interpolation.pdf, id=1373, 479.7925pt x 342.27875pt>
File: figures/lsf_interpolation.pdf Graphic file (type pdf)
<use figures/lsf_interpolation.pdf>
Package pdftex.def Info: figures/lsf_interpolation.pdf  used on input line 3434
.
(pdftex.def)             Requested size: 225.21626pt x 160.66733pt.
File: cc-by-nc-sa.png Graphic file (type png)
<use cc-by-nc-sa.png>
Package pdftex.def Info: cc-by-nc-sa.png  used on input line 3434.
(pdftex.def)             Requested size: 48.79305pt x 17.07182pt.
[54 <./figures/splinecompare.pdf>]
<figures/interpnoisy1saveB.pdf, id=1398, 494.84875pt x 392.46625pt>
File: figures/interpnoisy1saveB.pdf Graphic file (type pdf)
<use figures/interpnoisy1saveB.pdf>
Package pdftex.def Info: figures/interpnoisy1saveB.pdf  used on input line 3481
.
(pdftex.def)             Requested size: 225.21626pt x 178.62032pt.

Overfull \hbox (9.94861pt too wide) in paragraph at lines 3481--3481
[][][]  [] 
 []

File: cc-by-nc-sa.png Graphic file (type png)
<use cc-by-nc-sa.png>
Package pdftex.def Info: cc-by-nc-sa.png  used on input line 3481.
(pdftex.def)             Requested size: 48.79305pt x 17.07182pt.
[55 <./figures/lsf_fit.pdf> <./figures/lsf_interpolation.pdf> <./figures/interp
noisy1saveB.pdf>]
<figures/interpnoisy2saveB.pdf, id=1440, 490.83376pt x 386.44376pt>
File: figures/interpnoisy2saveB.pdf Graphic file (type pdf)
<use figures/interpnoisy2saveB.pdf>
Package pdftex.def Info: figures/interpnoisy2saveB.pdf  used on input line 3481
.
(pdftex.def)             Requested size: 200.19054pt x 157.61153pt.
<figures/lsqex1.pdf, id=1441, 498.86375pt x 392.46625pt>
File: figures/lsqex1.pdf Graphic file (type pdf)
<use figures/lsqex1.pdf>
Package pdftex.def Info: figures/lsqex1.pdf  used on input line 3502.
(pdftex.def)             Requested size: 200.19054pt x 157.49274pt.
<figures/lsf_linear.pdf, id=1443, 479.7925pt x 330.23375pt>
File: figures/lsf_linear.pdf Graphic file (type pdf)
<use figures/lsf_linear.pdf>
Package pdftex.def Info: figures/lsf_linear.pdf  used on input line 3515.
(pdftex.def)             Requested size: 225.21626pt x 155.01335pt.

Overfull \hbox (9.94861pt too wide) in paragraph at lines 3515--3515
[][][]  [] 
 []

File: cc-by-nc-sa.png Graphic file (type png)
<use cc-by-nc-sa.png>
Package pdftex.def Info: cc-by-nc-sa.png  used on input line 3515.
(pdftex.def)             Requested size: 48.79305pt x 17.07182pt.
[56 <./figures/interpnoisy2saveB.pdf> <./figures/lsqex1.pdf>]
<figures/lsf_quadratic.pdf, id=1463, 429.605pt x 339.2675pt>
File: figures/lsf_quadratic.pdf Graphic file (type pdf)
<use figures/lsf_quadratic.pdf>
Package pdftex.def Info: figures/lsf_quadratic.pdf  used on input line 3528.
(pdftex.def)             Requested size: 225.21626pt x 177.85925pt.

Overfull \hbox (9.94861pt too wide) in paragraph at lines 3528--3528
[][][]  [] 
 []

<figures/lsf_exp.pdf, id=1464, 429.605pt x 339.2675pt>
File: figures/lsf_exp.pdf Graphic file (type pdf)
<use figures/lsf_exp.pdf>
Package pdftex.def Info: figures/lsf_exp.pdf  used on input line 3541.
(pdftex.def)             Requested size: 225.21626pt x 177.85925pt.

Overfull \hbox (9.94861pt too wide) in paragraph at lines 3541--3541
[][][]  [] 
 []

File: cc-by-nc-sa.png Graphic file (type png)
<use cc-by-nc-sa.png>
Package pdftex.def Info: cc-by-nc-sa.png  used on input line 3541.
(pdftex.def)             Requested size: 48.79305pt x 17.07182pt.
[57 <./figures/lsf_linear.pdf> <./figures/lsf_quadratic.pdf>]
<figures/lsqnoisydata.pdf, id=1491, 493.845pt x 393.47pt>
File: figures/lsqnoisydata.pdf Graphic file (type pdf)
<use figures/lsqnoisydata.pdf>
Package pdftex.def Info: figures/lsqnoisydata.pdf  used on input line 3566.
(pdftex.def)             Requested size: 225.21626pt x 179.43738pt.

Overfull \hbox (9.94861pt too wide) in paragraph at lines 3566--3566
[][][]  [] 
 []


Overfull \hbox (15.5564pt too wide) in paragraph at lines 3590--3590
[]\OT1/cmr/m/it/10 Fill in the blank: \OT1/cmr/m/n/10 To find the ex-po-nen-tia
l fit $\OML/cmm/m/it/10 Q\OT1/cmr/m/n/10 (\OML/cmm/m/it/10 x\OT1/cmr/m/n/10 ) =
 \OML/cmm/m/it/10 e[]$ \OT1/cmr/m/n/10 us-ing a given data set $\OMS/cmsy/m/n/
10 f\OT1/cmr/m/n/10 (\OML/cmm/m/it/10 x[]; y[]\OT1/cmr/m/n/10 )\OML/cmm/m/it/10
 ; \OT1/cmr/m/n/10 (\OML/cmm/m/it/10 x[]; y[]\OT1/cmr/m/n/10 )\OML/cmm/m/it/10 
; [] ; \OT1/cmr/m/n/10 (\OML/cmm/m/it/10 x[]; y[]\OT1/cmr/m/n/10 )\OMS/cmsy/m/n
/10 g$\OT1/cmr/m/n/10 ,
 []

LaTeX Font Info:    Font shape `OMS/cmr/m/n' in size <10> not available
(Font)              Font shape `OMS/cmsy/m/n' tried instead on input line 3590.

File: cc-by-nc-sa.png Graphic file (type png)
<use cc-by-nc-sa.png>
Package pdftex.def Info: cc-by-nc-sa.png  used on input line 3590.
(pdftex.def)             Requested size: 48.79305pt x 17.07182pt.
[58 <./figures/lsf_exp.pdf> <./figures/lsqnoisydata.pdf>]
Overfull \hbox (5.71948pt too wide) in paragraph at lines 3614--3614
[]\OT1/cmr/m/it/10 Fill in the blank: \OT1/cmr/m/n/10 To find the power-law fit
 $\OML/cmm/m/it/10 Q\OT1/cmr/m/n/10 (\OML/cmm/m/it/10 x\OT1/cmr/m/n/10 ) = \OML
/cmm/m/it/10 x[]$ \OT1/cmr/m/n/10 us-ing a given data set $\OMS/cmsy/m/n/10 f\
OT1/cmr/m/n/10 (\OML/cmm/m/it/10 x[]; y[]\OT1/cmr/m/n/10 )\OML/cmm/m/it/10 ; \O
T1/cmr/m/n/10 (\OML/cmm/m/it/10 x[]; y[]\OT1/cmr/m/n/10 )\OML/cmm/m/it/10 ; [] 
; \OT1/cmr/m/n/10 (\OML/cmm/m/it/10 x[]; y[]\OT1/cmr/m/n/10 )\OMS/cmsy/m/n/10 g
$\OT1/cmr/m/n/10 ,
 []

File: cc-by-nc-sa.png Graphic file (type png)
<use cc-by-nc-sa.png>
Package pdftex.def Info: cc-by-nc-sa.png  used on input line 3662.
(pdftex.def)             Requested size: 48.79305pt x 17.07182pt.
[59]
<figures/robotpath.pdf, id=1538, 483.8075pt x 392.46625pt>
File: figures/robotpath.pdf Graphic file (type pdf)
<use figures/robotpath.pdf>
Package pdftex.def Info: figures/robotpath.pdf  used on input line 3702.
(pdftex.def)             Requested size: 200.19054pt x 162.39735pt.

Overfull \hbox (9.94861pt too wide) in paragraph at lines 3702--3702
[][][]  [] 
 []

File: cc-by-nc-sa.png Graphic file (type png)
<use cc-by-nc-sa.png>
Package pdftex.def Info: cc-by-nc-sa.png  used on input line 3703.
(pdftex.def)             Requested size: 48.79305pt x 17.07182pt.
[60 <./figures/robotpath.pdf>]
<figures/sfupondwalk5.jpg, id=1563, 1238.6275pt x 633.36626pt>
File: figures/sfupondwalk5.jpg Graphic file (type jpg)
<use figures/sfupondwalk5.jpg>
Package pdftex.def Info: figures/sfupondwalk5.jpg  used on input line 3730.
(pdftex.def)             Requested size: 175.17244pt x 89.56946pt.
<figures/sfuquad1.jpg, id=1564, 1694.33pt x 1268.74pt>
File: figures/sfuquad1.jpg Graphic file (type jpg)
<use figures/sfuquad1.jpg>
Package pdftex.def Info: figures/sfuquad1.jpg  used on input line 3730.
(pdftex.def)             Requested size: 275.26009pt x 206.1194pt.

Overfull \hbox (9.94861pt too wide) in paragraph at lines 3730--3730
[][][]  [] 
 []

<figures/sfuquad2.jpg, id=1565, 1365.1pt x 1802.735pt>
File: figures/sfuquad2.jpg Graphic file (type jpg)
<use figures/sfuquad2.jpg>
Package pdftex.def Info: figures/sfuquad2.jpg  used on input line 3730.
(pdftex.def)             Requested size: 175.17244pt x 231.31044pt.
File: cc-by-nc-sa.png Graphic file (type png)
<use cc-by-nc-sa.png>
Package pdftex.def Info: cc-by-nc-sa.png  used on input line 3731.
(pdftex.def)             Requested size: 48.79305pt x 17.07182pt.
[61 <./figures/sfupondwalk5.jpg> <./figures/sfuquad1.jpg> <./figures/sfuquad2.j
pg>]
File: cc-by-nc-sa.png Graphic file (type png)
<use cc-by-nc-sa.png>
Package pdftex.def Info: cc-by-nc-sa.png  used on input line 3735.
(pdftex.def)             Requested size: 48.79305pt x 17.07182pt.
 [62]
File: cc-by-nc-sa.png Graphic file (type png)
<use cc-by-nc-sa.png>
Package pdftex.def Info: cc-by-nc-sa.png  used on input line 3803.
(pdftex.def)             Requested size: 48.79305pt x 17.07182pt.
 [63]
Overfull \hbox (14.93906pt too wide) in paragraph at lines 3815--3815
[]\OT1/cmr/m/n/10 You want to es-ti-mate the first deriva-tive of $\OML/cmm/m/i
t/10 f\OT1/cmr/m/n/10 (\OML/cmm/m/it/10 x\OT1/cmr/m/n/10 )$, given val-ues of t
he func-tion at dis-crete points $\OML/cmm/m/it/10 x[]; x[]; x[]; [] ; x[]$\OT1
/cmr/m/n/10 .
 []


Underfull \hbox (badness 10000) in paragraph at lines 3872--3872

 []


Overfull \hbox (9.94861pt too wide) in paragraph at lines 3872--3872
[][][]  [] 
 []


Underfull \hbox (badness 1496) in paragraph at lines 3923--3923
[]\OT1/cmr/m/n/10 The given ta-ble lists ap-prox-i-ma-tions for $\OML/cmm/m/it/
10 f[]\OT1/cmr/m/n/10 (\OML/cmm/m/it/10 x\OT1/cmr/m/n/10 )$
 []


Underfull \hbox (badness 2698) in paragraph at lines 3923--3923
\OT1/cmr/m/n/10 us-ing three fi-nite dif-fer-ence for-mu-las (la-belled
 []


Underfull \hbox (badness 10000) in paragraph at lines 3923--3923

 []


Overfull \hbox (11.78154pt too wide) in paragraph at lines 3923--3923
[][] 
 []


Overfull \hbox (9.94861pt too wide) in paragraph at lines 3923--3923
[][][]  [] 
 []

File: cc-by-nc-sa.png Graphic file (type png)
<use cc-by-nc-sa.png>
Package pdftex.def Info: cc-by-nc-sa.png  used on input line 3923.
(pdftex.def)             Requested size: 48.79305pt x 17.07182pt.
[64]
File: cc-by-nc-sa.png Graphic file (type png)
<use cc-by-nc-sa.png>
Package pdftex.def Info: cc-by-nc-sa.png  used on input line 3973.
(pdftex.def)             Requested size: 48.79305pt x 17.07182pt.
 [65]
File: cc-by-nc-sa.png Graphic file (type png)
<use cc-by-nc-sa.png>
Package pdftex.def Info: cc-by-nc-sa.png  used on input line 4035.
(pdftex.def)             Requested size: 48.79305pt x 17.07182pt.
 [66]
File: cc-by-nc-sa.png Graphic file (type png)
<use cc-by-nc-sa.png>
Package pdftex.def Info: cc-by-nc-sa.png  used on input line 4081.
(pdftex.def)             Requested size: 48.79305pt x 17.07182pt.
 [67]
File: cc-by-nc-sa.png Graphic file (type png)
<use cc-by-nc-sa.png>
Package pdftex.def Info: cc-by-nc-sa.png  used on input line 4129.
(pdftex.def)             Requested size: 48.79305pt x 17.07182pt.
 [68]
Underfull \hbox (badness 10000) in paragraph at lines 4152--4152

 []

<figures/trap2.pdf, id=1742, 431.6125pt x 312.16624pt>
File: figures/trap2.pdf Graphic file (type pdf)
<use figures/trap2.pdf>
Package pdftex.def Info: figures/trap2.pdf  used on input line 4152.
(pdftex.def)             Requested size: 225.21626pt x 162.88943pt.

Overfull \hbox (9.94861pt too wide) in paragraph at lines 4152--4152
[][][]  [] 
 []


Underfull \hbox (badness 10000) in paragraph at lines 4152--4152

 []

<figures/trap2_1.pdf, id=1743, 431.6125pt x 312.16624pt>
File: figures/trap2_1.pdf Graphic file (type pdf)
<use figures/trap2_1.pdf>
Package pdftex.def Info: figures/trap2_1.pdf  used on input line 4152.
(pdftex.def)             Requested size: 155.1488pt x 112.20828pt.
<figures/trap2_3.pdf, id=1744, 421.575pt x 316.18124pt>
File: figures/trap2_3.pdf Graphic file (type pdf)
<use figures/trap2_3.pdf>
Package pdftex.def Info: figures/trap2_3.pdf  used on input line 4152.
(pdftex.def)             Requested size: 150.14671pt x 112.60938pt.
<figures/trap2_2.pdf, id=1745, 431.6125pt x 312.16624pt>
File: figures/trap2_2.pdf Graphic file (type pdf)
<use figures/trap2_2.pdf>
Package pdftex.def Info: figures/trap2_2.pdf  used on input line 4152.
(pdftex.def)             Requested size: 160.15854pt x 115.83313pt.

Overfull \hbox (17.5257pt too wide) in paragraph at lines 4152--4152
 [] 
 []


Underfull \hbox (badness 1072) in paragraph at lines 4175--4175
[]\OT1/cmr/m/n/10 Apply the trape-zoidal rule to ap-prox-i-mate the
 []


Underfull \hbox (badness 10000) in paragraph at lines 4175--4175

 []

File: figures/trap2.pdf Graphic file (type pdf)
<use figures/trap2.pdf>
Package pdftex.def Info: figures/trap2.pdf  used on input line 4175.
(pdftex.def)             Requested size: 225.21626pt x 162.88943pt.

Overfull \hbox (9.94861pt too wide) in paragraph at lines 4175--4175
[][][]  [] 
 []

File: cc-by-nc-sa.png Graphic file (type png)
<use cc-by-nc-sa.png>
Package pdftex.def Info: cc-by-nc-sa.png  used on input line 4175.
(pdftex.def)             Requested size: 48.79305pt x 17.07182pt.
[69 <./figures/trap2.pdf> <./figures/trap2_1.pdf> <./figures/trap2_3.pdf> <./fi
gures/trap2_2.pdf>]
<figures/trap2_4.pdf, id=1790, 421.575pt x 316.18124pt>
File: figures/trap2_4.pdf Graphic file (type pdf)
<use figures/trap2_4.pdf>
Package pdftex.def Info: figures/trap2_4.pdf  used on input line 4175.
(pdftex.def)             Requested size: 155.1488pt x 116.36285pt.

Overfull \hbox (25.00003pt too wide) in paragraph at lines 4175--4176
[][] 
 []


Underfull \hbox (badness 10000) in paragraph at lines 4198--4198

 []

File: figures/trap2.pdf Graphic file (type pdf)
<use figures/trap2.pdf>
Package pdftex.def Info: figures/trap2.pdf  used on input line 4198.
(pdftex.def)             Requested size: 225.21626pt x 162.88943pt.

Overfull \hbox (9.94861pt too wide) in paragraph at lines 4198--4198
[][][]  [] 
 []


Underfull \hbox (badness 10000) in paragraph at lines 4198--4198

 []

File: figures/trap2_1.pdf Graphic file (type pdf)
<use figures/trap2_1.pdf>
Package pdftex.def Info: figures/trap2_1.pdf  used on input line 4198.
(pdftex.def)             Requested size: 150.14671pt x 108.59296pt.
File: figures/trap2_4.pdf Graphic file (type pdf)
<use figures/trap2_4.pdf>
Package pdftex.def Info: figures/trap2_4.pdf  used on input line 4198.
(pdftex.def)             Requested size: 150.14671pt x 112.60938pt.
File: figures/trap2_2.pdf Graphic file (type pdf)
<use figures/trap2_2.pdf>
Package pdftex.def Info: figures/trap2_2.pdf  used on input line 4198.
(pdftex.def)             Requested size: 150.14671pt x 108.59296pt.

Overfull \hbox (3.34502pt too wide) in paragraph at lines 4198--4198
 [] 
 []

File: cc-by-nc-sa.png Graphic file (type png)
<use cc-by-nc-sa.png>
Package pdftex.def Info: cc-by-nc-sa.png  used on input line 4198.
(pdftex.def)             Requested size: 48.79305pt x 17.07182pt.
[70 <./figures/trap2_4.pdf>]
Underfull \hbox (badness 10000) in paragraph at lines 4219--4219

 []

<figures/trap3.jpg, id=1814, 572.1375pt x 451.6875pt>
File: figures/trap3.jpg Graphic file (type jpg)
<use figures/trap3.jpg>
Package pdftex.def Info: figures/trap3.jpg  used on input line 4219.
(pdftex.def)             Requested size: 225.21626pt x 177.80464pt.

Overfull \hbox (9.94861pt too wide) in paragraph at lines 4219--4219
[][][]  [] 
 []


Underfull \hbox (badness 10000) in paragraph at lines 4219--4219

 []

<figures/trap3_1.jpg, id=1815, 575.14874pt x 415.5525pt>
File: figures/trap3_1.jpg Graphic file (type jpg)
<use figures/trap3_1.jpg>
Package pdftex.def Info: figures/trap3_1.jpg  used on input line 4219.
(pdftex.def)             Requested size: 175.17244pt x 126.5626pt.
<figures/trap3_2.jpg, id=1816, 552.0625pt x 391.4625pt>
File: figures/trap3_2.jpg Graphic file (type jpg)
<use figures/trap3_2.jpg>
Package pdftex.def Info: figures/trap3_2.jpg  used on input line 4219.
(pdftex.def)             Requested size: 175.17244pt x 124.21329pt.

Underfull \hbox (badness 10000) in paragraph at lines 4234--4234

 []

File: figures/trap3.jpg Graphic file (type jpg)
<use figures/trap3.jpg>
Package pdftex.def Info: figures/trap3.jpg  used on input line 4234.
(pdftex.def)             Requested size: 225.21626pt x 177.80464pt.

Overfull \hbox (9.94861pt too wide) in paragraph at lines 4234--4234
[][][]  [] 
 []

File: cc-by-nc-sa.png Graphic file (type png)
<use cc-by-nc-sa.png>
Package pdftex.def Info: cc-by-nc-sa.png  used on input line 4234.
(pdftex.def)             Requested size: 48.79305pt x 17.07182pt.
[71 <./figures/trap3.jpg> <./figures/trap3_1.jpg> <./figures/trap3_2.jpg>]
Underfull \hbox (badness 10000) in paragraph at lines 4255--4255

 []


Underfull \hbox (badness 10000) in paragraph at lines 4279--4279

 []

<figures/integr1h.pdf, id=1827, 517.935pt x 386.44376pt>
File: figures/integr1h.pdf Graphic file (type pdf)
<use figures/integr1h.pdf>
Package pdftex.def Info: figures/integr1h.pdf  used on input line 4279.
(pdftex.def)             Requested size: 225.21626pt x 168.04271pt.

Overfull \hbox (9.94861pt too wide) in paragraph at lines 4279--4279
[][][]  [] 
 []

File: cc-by-nc-sa.png Graphic file (type png)
<use cc-by-nc-sa.png>
Package pdftex.def Info: cc-by-nc-sa.png  used on input line 4279.
(pdftex.def)             Requested size: 48.79305pt x 17.07182pt.
[72]
Underfull \hbox (badness 10000) in paragraph at lines 4306--4306

 []

<figures/integr2h.pdf, id=1844, 505.89pt x 386.44376pt>
File: figures/integr2h.pdf Graphic file (type pdf)
<use figures/integr2h.pdf>
Package pdftex.def Info: figures/integr2h.pdf  used on input line 4306.
(pdftex.def)             Requested size: 225.21626pt x 172.04063pt.

Overfull \hbox (9.94861pt too wide) in paragraph at lines 4306--4306
[][][]  [] 
 []

File: cc-by-nc-sa.png Graphic file (type png)
<use cc-by-nc-sa.png>
Package pdftex.def Info: cc-by-nc-sa.png  used on input line 4331.
(pdftex.def)             Requested size: 48.79305pt x 17.07182pt.
[73 <./figures/integr1h.pdf> <./figures/integr2h.pdf>]
Overfull \hbox (5.82953pt too wide) in paragraph at lines 4360--4361
\OT1/cmr/m/it/10 Solving the two lin-ear equa-tions gives $\OML/cmm/m/it/10 w[]
 \OT1/cmr/m/n/10 = \OMS/cmsy/m/n/10 ^^@\OML/cmm/m/it/10 w[]$\OT1/cmr/m/it/10 . 
This means that the quadra-ture for-mula can use $[]$
 []

File: cc-by-nc-sa.png Graphic file (type png)
<use cc-by-nc-sa.png>
Package pdftex.def Info: cc-by-nc-sa.png  used on input line 4387.
(pdftex.def)             Requested size: 48.79305pt x 17.07182pt.
[74]
File: cc-by-nc-sa.png Graphic file (type png)
<use cc-by-nc-sa.png>
Package pdftex.def Info: cc-by-nc-sa.png  used on input line 4405.
(pdftex.def)             Requested size: 48.79305pt x 17.07182pt.
 [75]
<figures/slopefield2.pdf, id=1902, 429.605pt x 339.2675pt>
File: figures/slopefield2.pdf Graphic file (type pdf)
<use figures/slopefield2.pdf>
Package pdftex.def Info: figures/slopefield2.pdf  used on input line 4497.
(pdftex.def)             Requested size: 225.21626pt x 177.85925pt.

Overfull \hbox (9.94861pt too wide) in paragraph at lines 4497--4497
[][][]  [] 
 []

File: cc-by-nc-sa.png Graphic file (type png)
<use cc-by-nc-sa.png>
Package pdftex.def Info: cc-by-nc-sa.png  used on input line 4497.
(pdftex.def)             Requested size: 48.79305pt x 17.07182pt.
[76]
<figures/slopefield5.pdf, id=1931, 429.605pt x 339.2675pt>
File: figures/slopefield5.pdf Graphic file (type pdf)
<use figures/slopefield5.pdf>
Package pdftex.def Info: figures/slopefield5.pdf  used on input line 4523.
(pdftex.def)             Requested size: 225.21626pt x 177.85925pt.

Overfull \hbox (9.94861pt too wide) in paragraph at lines 4523--4523
[][][]  [] 
 []

<figures/slopefield1.pdf, id=1932, 429.605pt x 339.2675pt>
File: figures/slopefield1.pdf Graphic file (type pdf)
<use figures/slopefield1.pdf>
Package pdftex.def Info: figures/slopefield1.pdf  used on input line 4535.
(pdftex.def)             Requested size: 225.21626pt x 177.85925pt.

Overfull \hbox (9.94861pt too wide) in paragraph at lines 4535--4535
[][][]  [] 
 []

File: cc-by-nc-sa.png Graphic file (type png)
<use cc-by-nc-sa.png>
Package pdftex.def Info: cc-by-nc-sa.png  used on input line 4535.
(pdftex.def)             Requested size: 48.79305pt x 17.07182pt.
[77 <./figures/slopefield2.pdf> <./figures/slopefield5.pdf>]
File: figures/slopefield1.pdf Graphic file (type pdf)
<use figures/slopefield1.pdf>
Package pdftex.def Info: figures/slopefield1.pdf  used on input line 4574.
(pdftex.def)             Requested size: 210.20236pt x 166.0044pt.

Overfull \hbox (9.94861pt too wide) in paragraph at lines 4574--4574
[][][]  [] 
 []

File: figures/slopefield1.pdf Graphic file (type pdf)
<use figures/slopefield1.pdf>
Package pdftex.def Info: figures/slopefield1.pdf  used on input line 4591.
(pdftex.def)             Requested size: 225.21626pt x 177.85925pt.
<figures/slopefield1_1.pdf, id=1957, 429.605pt x 339.2675pt>
File: figures/slopefield1_1.pdf Graphic file (type pdf)
<use figures/slopefield1_1.pdf>
Package pdftex.def Info: figures/slopefield1_1.pdf  used on input line 4591.
(pdftex.def)             Requested size: 225.21626pt x 177.85925pt.
File: cc-by-nc-sa.png Graphic file (type png)
<use cc-by-nc-sa.png>
Package pdftex.def Info: cc-by-nc-sa.png  used on input line 4591.
(pdftex.def)             Requested size: 48.79305pt x 17.07182pt.
[78 <./figures/slopefield1.pdf>]
<figures/slopefield1_2.pdf, id=1982, 429.605pt x 339.2675pt>
File: figures/slopefield1_2.pdf Graphic file (type pdf)
<use figures/slopefield1_2.pdf>
Package pdftex.def Info: figures/slopefield1_2.pdf  used on input line 4591.
(pdftex.def)             Requested size: 225.21626pt x 177.85925pt.
<figures/slopefield6.pdf, id=1983, 414.54875pt x 294.09875pt>
File: figures/slopefield6.pdf Graphic file (type pdf)
<use figures/slopefield6.pdf>
Package pdftex.def Info: figures/slopefield6.pdf  used on input line 4608.
(pdftex.def)             Requested size: 225.21626pt x 159.77577pt.
<figures/slopefield6_1.pdf, id=1984, 421.575pt x 316.18124pt>
File: figures/slopefield6_1.pdf Graphic file (type pdf)
<use figures/slopefield6_1.pdf>
Package pdftex.def Info: figures/slopefield6_1.pdf  used on input line 4608.
(pdftex.def)             Requested size: 225.21626pt x 168.91647pt.
File: cc-by-nc-sa.png Graphic file (type png)
<use cc-by-nc-sa.png>
Package pdftex.def Info: cc-by-nc-sa.png  used on input line 4608.
(pdftex.def)             Requested size: 48.79305pt x 17.07182pt.
 [79 <./figures/slopefield1_1.pdf> <./figures/slopefield1_2.pdf>]
<figures/slopefield6_2.pdf, id=2007, 421.575pt x 316.18124pt>
File: figures/slopefield6_2.pdf Graphic file (type pdf)
<use figures/slopefield6_2.pdf>
Package pdftex.def Info: figures/slopefield6_2.pdf  used on input line 4608.
(pdftex.def)             Requested size: 225.21626pt x 168.91647pt.
File: cc-by-nc-sa.png Graphic file (type png)
<use cc-by-nc-sa.png>
Package pdftex.def Info: cc-by-nc-sa.png  used on input line 4628.
(pdftex.def)             Requested size: 48.79305pt x 17.07182pt.
 [80 <./figures/slopefield6.pdf> <./figures/slopefield6_1.pdf> <./figures/slope
field6_2.pdf>]
File: cc-by-nc-sa.png Graphic file (type png)
<use cc-by-nc-sa.png>
Package pdftex.def Info: cc-by-nc-sa.png  used on input line 4685.
(pdftex.def)             Requested size: 48.79305pt x 17.07182pt.
 [81]
File: cc-by-nc-sa.png Graphic file (type png)
<use cc-by-nc-sa.png>
Package pdftex.def Info: cc-by-nc-sa.png  used on input line 4753.
(pdftex.def)             Requested size: 48.79305pt x 17.07182pt.
 [82]
<figures/ode3.pdf, id=2083, 501.875pt x 392.46625pt>
File: figures/ode3.pdf Graphic file (type pdf)
<use figures/ode3.pdf>
Package pdftex.def Info: figures/ode3.pdf  used on input line 4777.
(pdftex.def)             Requested size: 225.21626pt x 176.1231pt.

Overfull \hbox (9.94861pt too wide) in paragraph at lines 4777--4777
[][][]  [] 
 []

File: figures/ode3.pdf Graphic file (type pdf)
<use figures/ode3.pdf>
Package pdftex.def Info: figures/ode3.pdf  used on input line 4794.
(pdftex.def)             Requested size: 225.21626pt x 176.1231pt.

Overfull \hbox (9.94861pt too wide) in paragraph at lines 4794--4794
[][][]  [] 
 []

File: cc-by-nc-sa.png Graphic file (type png)
<use cc-by-nc-sa.png>
Package pdftex.def Info: cc-by-nc-sa.png  used on input line 4794.
(pdftex.def)             Requested size: 48.79305pt x 17.07182pt.
[83 <./figures/ode3.pdf>]
Overfull \hbox (9.94861pt too wide) in paragraph at lines 4823--4823
[][][]  [] 
 []

File: cc-by-nc-sa.png Graphic file (type png)
<use cc-by-nc-sa.png>
Package pdftex.def Info: cc-by-nc-sa.png  used on input line 4855.
(pdftex.def)             Requested size: 48.79305pt x 17.07182pt.
[84]
Overfull \hbox (9.94861pt too wide) in paragraph at lines 4889--4889
[][][]  [] 
 []

File: cc-by-nc-sa.png Graphic file (type png)
<use cc-by-nc-sa.png>
Package pdftex.def Info: cc-by-nc-sa.png  used on input line 4909.
(pdftex.def)             Requested size: 48.79305pt x 17.07182pt.
[85]
<figures/ode1.pdf, id=2148, 490.83376pt x 386.44376pt>
File: figures/ode1.pdf Graphic file (type pdf)
<use figures/ode1.pdf>
Package pdftex.def Info: figures/ode1.pdf  used on input line 4961.
(pdftex.def)             Requested size: 225.21626pt x 177.31813pt.
<figures/ode2.pdf, id=2150, 490.83376pt x 387.4475pt>
File: figures/ode2.pdf Graphic file (type pdf)
<use figures/ode2.pdf>
Package pdftex.def Info: figures/ode2.pdf  used on input line 4989.
(pdftex.def)             Requested size: 225.21626pt x 177.7787pt.
File: cc-by-nc-sa.png Graphic file (type png)
<use cc-by-nc-sa.png>
Package pdftex.def Info: cc-by-nc-sa.png  used on input line 4990.
(pdftex.def)             Requested size: 48.79305pt x 17.07182pt.
 [86 <./figures/ode1.pdf>]
File: cc-by-nc-sa.png Graphic file (type png)
<use cc-by-nc-sa.png>
Package pdftex.def Info: cc-by-nc-sa.png  used on input line 5048.
(pdftex.def)             Requested size: 48.79305pt x 17.07182pt.
 [87 <./figures/ode2.pdf>]
File: cc-by-nc-sa.png Graphic file (type png)
<use cc-by-nc-sa.png>
Package pdftex.def Info: cc-by-nc-sa.png  used on input line 5116.
(pdftex.def)             Requested size: 48.79305pt x 17.07182pt.
 [88]
File: cc-by-nc-sa.png Graphic file (type png)
<use cc-by-nc-sa.png>
Package pdftex.def Info: cc-by-nc-sa.png  used on input line 5167.
(pdftex.def)             Requested size: 48.79305pt x 17.07182pt.
 [89]
Underfull \hbox (badness 10000) in paragraph at lines 5179--5181

 []


Underfull \hbox (badness 10000) in paragraph at lines 5182--5195

 []

File: cc-by-nc-sa.png Graphic file (type png)
<use cc-by-nc-sa.png>
Package pdftex.def Info: cc-by-nc-sa.png  used on input line 5203.
(pdftex.def)             Requested size: 48.79305pt x 17.07182pt.
[90]
File: cc-by-nc-sa.png Graphic file (type png)
<use cc-by-nc-sa.png>
Package pdftex.def Info: cc-by-nc-sa.png  used on input line 5271.
(pdftex.def)             Requested size: 48.79305pt x 17.07182pt.
 [91]
Package atveryend Info: Empty hook `BeforeClearDocument' on input line 5271.
Package atveryend Info: Empty hook `AfterLastShipout' on input line 5271.
 (./clickerQbank.aux)
Package atveryend Info: Executing hook `AtVeryEndDocument' on input line 5271.
Package atveryend Info: Executing hook `AtEndAfterFileList' on input line 5271.

Package rerunfilecheck Info: File `clickerQbank.out' has not changed.
(rerunfilecheck)             Checksum: D41D8CD98F00B204E9800998ECF8427E;0.


LaTeX Font Warning: Some font shapes were not available, defaults substituted.

Package atveryend Info: Empty hook `AtVeryVeryEnd' on input line 5271.
 ) 
Here is how much of TeX's memory you used:
 18639 strings out of 492609
 335619 string characters out of 6129048
 409300 words of memory out of 5000000
 20764 multiletter control sequences out of 15000+600000
 15782 words of font info for 60 fonts, out of 8000000 for 9000
 1141 hyphenation exceptions out of 8191
 55i,22n,64p,414b,863s stack positions out of 5000i,500n,10000p,200000b,80000s
</usr/local/texlive/2019/texmf-dist/fonts/type1/public/amsfonts/cm/cmbx12.pfb
></usr/local/texlive/2019/texmf-dist/fonts/type1/public/amsfonts/cm/cmex10.pfb>
</usr/local/texlive/2019/texmf-dist/fonts/type1/public/amsfonts/cm/cmmi10.pfb><
/usr/local/texlive/2019/texmf-dist/fonts/type1/public/amsfonts/cm/cmmi5.pfb></u
sr/local/texlive/2019/texmf-dist/fonts/type1/public/amsfonts/cm/cmmi7.pfb></usr
/local/texlive/2019/texmf-dist/fonts/type1/public/amsfonts/cm/cmr10.pfb></usr/l
ocal/texlive/2019/texmf-dist/fonts/type1/public/amsfonts/cm/cmr5.pfb></usr/loca
l/texlive/2019/texmf-dist/fonts/type1/public/amsfonts/cm/cmr7.pfb></usr/local/t
exlive/2019/texmf-dist/fonts/type1/public/amsfonts/cm/cmss10.pfb></usr/local/te
xlive/2019/texmf-dist/fonts/type1/public/amsfonts/cm/cmss8.pfb></usr/local/texl
ive/2019/texmf-dist/fonts/type1/public/amsfonts/cm/cmss9.pfb></usr/local/texliv
e/2019/texmf-dist/fonts/type1/public/amsfonts/cm/cmssbx10.pfb></usr/local/texli
ve/2019/texmf-dist/fonts/type1/public/amsfonts/cm/cmsy10.pfb></usr/local/texliv
e/2019/texmf-dist/fonts/type1/public/amsfonts/cm/cmsy7.pfb></usr/local/texlive/
2019/texmf-dist/fonts/type1/public/amsfonts/cm/cmsy8.pfb></usr/local/texlive/20
19/texmf-dist/fonts/type1/public/amsfonts/cm/cmti10.pfb></usr/local/texlive/201
9/texmf-dist/fonts/type1/public/amsfonts/cm/cmti8.pfb></usr/local/texlive/2019/
texmf-dist/fonts/type1/public/amsfonts/cm/cmtt10.pfb></usr/local/texlive/2019/t
exmf-dist/fonts/type1/public/amsfonts/cm/cmtt8.pfb></usr/local/texlive/2019/tex
mf-dist/fonts/type1/public/amsfonts/cm/cmtt9.pfb></usr/local/texlive/2019/texmf
-dist/fonts/type1/public/amsfonts/symbols/msam10.pfb>
Output written on clickerQbank.pdf (91 pages, 2456897 bytes).
PDF statistics:
 2625 PDF objects out of 2984 (max. 8388607)
 2360 compressed objects within 24 object streams
 1407 named destinations out of 1440 (max. 500000)
 318 words of extra memory for PDF output out of 10000 (max. 10000000)

